{"/home/travis/build/npmtest/node-npmtest-urllib/test.js":{"path":"/home/travis/build/npmtest/node-npmtest-urllib/test.js","s":{"1":2,"2":2,"3":2,"4":2,"5":2,"6":2,"7":2,"8":1,"9":2,"10":2,"11":1,"12":1,"13":1,"14":1,"15":2,"16":2,"17":2,"18":2,"19":1,"20":1,"21":2,"22":2,"23":2,"24":1,"25":1,"26":1,"27":1,"28":1,"29":1,"30":1,"31":1,"32":1,"33":1,"34":1,"35":1,"36":1,"37":1,"38":1,"39":2,"40":2,"41":1,"42":2,"43":2,"44":1,"45":2,"46":2,"47":1,"48":2,"49":2,"50":1,"51":1,"52":1,"53":1,"54":1},"b":{"1":[2,1,1,1],"2":[1,1,1,1],"3":[1,1],"4":[1,1],"5":[1,1],"6":[1,1],"7":[1,1],"8":[1,1],"9":[1,1],"10":[1,1,1],"11":[1,1],"12":[1,1],"13":[1,1],"14":[1,1],"15":[1,1],"16":[1,1],"17":[1,1]},"f":{"1":2,"2":2,"3":2,"4":2,"5":2,"6":1,"7":1,"8":1,"9":2,"10":2,"11":2,"12":2,"13":1},"fnMap":{"1":{"name":"(anonymous_1)","line":12,"loc":{"start":{"line":12,"column":1},"end":{"line":12,"column":13}}},"2":{"name":"(anonymous_2)","line":19,"loc":{"start":{"line":19,"column":5},"end":{"line":19,"column":17}}},"3":{"name":"(anonymous_3)","line":23,"loc":{"start":{"line":23,"column":24},"end":{"line":23,"column":36}}},"4":{"name":"(anonymous_4)","line":61,"loc":{"start":{"line":61,"column":5},"end":{"line":61,"column":17}}},"5":{"name":"(anonymous_5)","line":82,"loc":{"start":{"line":82,"column":5},"end":{"line":82,"column":17}}},"6":{"name":"(anonymous_6)","line":91,"loc":{"start":{"line":91,"column":77},"end":{"line":94,"column":10}}},"7":{"name":"(anonymous_7)","line":112,"loc":{"start":{"line":112,"column":83},"end":{"line":115,"column":10}},"skip":true},"8":{"name":"(anonymous_8)","line":123,"loc":{"start":{"line":123,"column":77},"end":{"line":126,"column":10}},"skip":true},"9":{"name":"(anonymous_9)","line":139,"loc":{"start":{"line":139,"column":12},"end":{"line":139,"column":40}},"skip":true},"10":{"name":"(anonymous_10)","line":147,"loc":{"start":{"line":147,"column":77},"end":{"line":150,"column":10}},"skip":true},"11":{"name":"(anonymous_11)","line":158,"loc":{"start":{"line":158,"column":83},"end":{"line":161,"column":10}},"skip":true},"12":{"name":"(anonymous_12)","line":169,"loc":{"start":{"line":169,"column":79},"end":{"line":172,"column":10}},"skip":true},"13":{"name":"(anonymous_13)","line":180,"loc":{"start":{"line":180,"column":75},"end":{"line":183,"column":10}},"skip":true}},"statementMap":{"1":{"start":{"line":12,"column":0},"end":{"line":195,"column":5}},"2":{"start":{"line":14,"column":4},"end":{"line":14,"column":14}},"3":{"start":{"line":19,"column":4},"end":{"line":56,"column":9}},"4":{"start":{"line":21,"column":8},"end":{"line":21,"column":19}},"5":{"start":{"line":23,"column":8},"end":{"line":35,"column":13}},"6":{"start":{"line":24,"column":12},"end":{"line":34,"column":13}},"7":{"start":{"line":25,"column":16},"end":{"line":28,"column":30}},"8":{"start":{"line":30,"column":16},"end":{"line":33,"column":27}},"9":{"start":{"line":37,"column":8},"end":{"line":39,"column":21}},"10":{"start":{"line":40,"column":8},"end":{"line":53,"column":9}},"11":{"start":{"line":43,"column":12},"end":{"line":46,"column":14}},"12":{"start":{"line":47,"column":12},"end":{"line":47,"column":18}},"13":{"start":{"line":50,"column":12},"end":{"line":51,"column":46}},"14":{"start":{"line":52,"column":12},"end":{"line":52,"column":18}},"15":{"start":{"line":55,"column":8},"end":{"line":55,"column":35}},"16":{"start":{"line":61,"column":4},"end":{"line":63,"column":9}},"17":{"start":{"line":62,"column":8},"end":{"line":62,"column":15}},"18":{"start":{"line":64,"column":4},"end":{"line":77,"column":5}},"19":{"start":{"line":70,"column":8},"end":{"line":70,"column":14}},"20":{"start":{"line":76,"column":8},"end":{"line":76,"column":14}},"21":{"start":{"line":82,"column":4},"end":{"line":84,"column":9}},"22":{"start":{"line":83,"column":8},"end":{"line":83,"column":15}},"23":{"start":{"line":85,"column":4},"end":{"line":194,"column":5}},"24":{"start":{"line":91,"column":8},"end":{"line":99,"column":10}},"25":{"start":{"line":98,"column":12},"end":{"line":98,"column":35}},"26":{"start":{"line":102,"column":8},"end":{"line":104,"column":63}},"27":{"start":{"line":105,"column":8},"end":{"line":105,"column":14}},"28":{"start":{"line":112,"column":8},"end":{"line":121,"column":10},"skip":true},"29":{"start":{"line":119,"column":12},"end":{"line":119,"column":55},"skip":true},"30":{"start":{"line":120,"column":12},"end":{"line":120,"column":48},"skip":true},"31":{"start":{"line":123,"column":8},"end":{"line":136,"column":10},"skip":true},"32":{"start":{"line":130,"column":12},"end":{"line":130,"column":76},"skip":true},"33":{"start":{"line":131,"column":12},"end":{"line":131,"column":73},"skip":true},"34":{"start":{"line":132,"column":12},"end":{"line":132,"column":74},"skip":true},"35":{"start":{"line":133,"column":12},"end":{"line":133,"column":79},"skip":true},"36":{"start":{"line":134,"column":12},"end":{"line":134,"column":25},"skip":true},"37":{"start":{"line":135,"column":12},"end":{"line":135,"column":45},"skip":true},"38":{"start":{"line":138,"column":8},"end":{"line":145,"column":14},"skip":true},"39":{"start":{"line":143,"column":16},"end":{"line":143,"column":29},"skip":true},"40":{"start":{"line":144,"column":16},"end":{"line":144,"column":55},"skip":true},"41":{"start":{"line":147,"column":8},"end":{"line":156,"column":10},"skip":true},"42":{"start":{"line":154,"column":12},"end":{"line":154,"column":25},"skip":true},"43":{"start":{"line":155,"column":12},"end":{"line":155,"column":45},"skip":true},"44":{"start":{"line":158,"column":8},"end":{"line":167,"column":10},"skip":true},"45":{"start":{"line":165,"column":12},"end":{"line":165,"column":25},"skip":true},"46":{"start":{"line":166,"column":12},"end":{"line":166,"column":48},"skip":true},"47":{"start":{"line":169,"column":8},"end":{"line":178,"column":10},"skip":true},"48":{"start":{"line":176,"column":12},"end":{"line":176,"column":25},"skip":true},"49":{"start":{"line":177,"column":12},"end":{"line":177,"column":46},"skip":true},"50":{"start":{"line":180,"column":8},"end":{"line":189,"column":10},"skip":true},"51":{"start":{"line":187,"column":12},"end":{"line":187,"column":94},"skip":true},"52":{"start":{"line":188,"column":12},"end":{"line":188,"column":48},"skip":true},"53":{"start":{"line":192,"column":8},"end":{"line":192,"column":35},"skip":true},"54":{"start":{"line":193,"column":8},"end":{"line":193,"column":14},"skip":true}},"branchMap":{"1":{"line":25,"type":"binary-expr","locations":[{"start":{"line":25,"column":23},"end":{"line":25,"column":62}},{"start":{"line":26,"column":20},"end":{"line":26,"column":70}},{"start":{"line":27,"column":20},"end":{"line":27,"column":71}},{"start":{"line":28,"column":20},"end":{"line":28,"column":29}}]},"2":{"line":30,"type":"binary-expr","locations":[{"start":{"line":30,"column":23},"end":{"line":30,"column":37}},{"start":{"line":31,"column":20},"end":{"line":31,"column":61}},{"start":{"line":32,"column":20},"end":{"line":32,"column":70}},{"start":{"line":33,"column":20},"end":{"line":33,"column":26}}]},"3":{"line":37,"type":"cond-expr","locations":[{"start":{"line":38,"column":14},"end":{"line":38,"column":20}},{"start":{"line":39,"column":14},"end":{"line":39,"column":20}}]},"4":{"line":40,"type":"switch","locations":[{"start":{"line":42,"column":8},"end":{"line":47,"column":18}},{"start":{"line":49,"column":8},"end":{"line":52,"column":18}}]},"5":{"line":44,"type":"binary-expr","locations":[{"start":{"line":44,"column":16},"end":{"line":44,"column":44}},{"start":{"line":44,"column":48},"end":{"line":44,"column":66}}]},"6":{"line":50,"type":"binary-expr","locations":[{"start":{"line":50,"column":21},"end":{"line":50,"column":49}},{"start":{"line":50,"column":53},"end":{"line":50,"column":72}}]},"7":{"line":64,"type":"switch","locations":[{"start":{"line":69,"column":4},"end":{"line":70,"column":14}},{"start":{"line":75,"column":4},"end":{"line":76,"column":14}}]},"8":{"line":85,"type":"switch","locations":[{"start":{"line":90,"column":4},"end":{"line":105,"column":14}},{"start":{"line":111,"column":4},"end":{"line":193,"column":14},"skip":true}]},"9":{"line":91,"type":"binary-expr","locations":[{"start":{"line":91,"column":42},"end":{"line":91,"column":73}},{"start":{"line":91,"column":77},"end":{"line":99,"column":9}}]},"10":{"line":102,"type":"binary-expr","locations":[{"start":{"line":102,"column":18},"end":{"line":102,"column":32}},{"start":{"line":103,"column":12},"end":{"line":103,"column":53}},{"start":{"line":104,"column":12},"end":{"line":104,"column":61}}]},"11":{"line":112,"type":"binary-expr","locations":[{"start":{"line":112,"column":45},"end":{"line":112,"column":79},"skip":true},{"start":{"line":112,"column":83},"end":{"line":121,"column":9},"skip":true}]},"12":{"line":123,"type":"binary-expr","locations":[{"start":{"line":123,"column":42},"end":{"line":123,"column":73},"skip":true},{"start":{"line":123,"column":77},"end":{"line":136,"column":9},"skip":true}]},"13":{"line":138,"type":"binary-expr","locations":[{"start":{"line":138,"column":48},"end":{"line":138,"column":85},"skip":true},{"start":{"line":139,"column":12},"end":{"line":145,"column":13},"skip":true}]},"14":{"line":147,"type":"binary-expr","locations":[{"start":{"line":147,"column":42},"end":{"line":147,"column":73},"skip":true},{"start":{"line":147,"column":77},"end":{"line":156,"column":9},"skip":true}]},"15":{"line":158,"type":"binary-expr","locations":[{"start":{"line":158,"column":45},"end":{"line":158,"column":79},"skip":true},{"start":{"line":158,"column":83},"end":{"line":167,"column":9},"skip":true}]},"16":{"line":169,"type":"binary-expr","locations":[{"start":{"line":169,"column":43},"end":{"line":169,"column":75},"skip":true},{"start":{"line":169,"column":79},"end":{"line":178,"column":9},"skip":true}]},"17":{"line":180,"type":"binary-expr","locations":[{"start":{"line":180,"column":41},"end":{"line":180,"column":71},"skip":true},{"start":{"line":180,"column":75},"end":{"line":189,"column":9},"skip":true}]}},"code":["/* istanbul instrument in package npmtest_urllib */","/*jslint","    bitwise: true,","    browser: true,","    maxerr: 8,","    maxlen: 96,","    node: true,","    nomen: true,","    regexp: true,","    stupid: true","*/","(function () {","    'use strict';","    var local;","","","","    // run shared js-env code - pre-init","    (function () {","        // init local","        local = {};","        // init modeJs","        local.modeJs = (function () {","            try {","                return typeof navigator.userAgent === 'string' &&","                    typeof document.querySelector('body') === 'object' &&","                    typeof XMLHttpRequest.prototype.open === 'function' &&","                    'browser';","            } catch (errorCaughtBrowser) {","                return module.exports &&","                    typeof process.versions.node === 'string' &&","                    typeof require('http').createServer === 'function' &&","                    'node';","            }","        }());","        // init global","        local.global = local.modeJs === 'browser'","            ? window","            : global;","        switch (local.modeJs) {","        // re-init local from window.local","        case 'browser':","            local = local.global.utility2.objectSetDefault(","                local.global.utility2_rollup || local.global.local,","                local.global.utility2","            );","            break;","        // re-init local from example.js","        case 'node':","            local = (local.global.utility2_rollup || require('utility2'))","                .requireExampleJsFromReadme();","            break;","        }","        // export local","        local.global.local = local;","    }());","","","","    // run shared js-env code - function","    (function () {","        return;","    }());","    switch (local.modeJs) {","","","","    // run browser js-env code - function","    case 'browser':","        break;","","","","    // run node js-env code - function","    case 'node':","        break;","    }","","","","    // run shared js-env code - post-init","    (function () {","        return;","    }());","    switch (local.modeJs) {","","","","    // run browser js-env code - post-init","    case 'browser':","        local.testCase_browser_nullCase = local.testCase_browser_nullCase || function (","            options,","            onError","        ) {","        /*","         * this function will test browsers's null-case handling-behavior-behavior","         */","            onError(null, options);","        };","","        // run tests","        local.nop(local.modeTest &&","            document.querySelector('#testRunButton1') &&","            document.querySelector('#testRunButton1').click());","        break;","","","","    // run node js-env code - post-init","    /* istanbul ignore next */","    case 'node':","        local.testCase_buildApidoc_default = local.testCase_buildApidoc_default || function (","            options,","            onError","        ) {","        /*","         * this function will test buildApidoc's default handling-behavior-behavior","         */","            options = { modulePathList: module.paths };","            local.buildApidoc(options, onError);","        };","","        local.testCase_buildApp_default = local.testCase_buildApp_default || function (","            options,","            onError","        ) {","        /*","         * this function will test buildApp's default handling-behavior-behavior","         */","            local.testCase_buildReadme_default(options, local.onErrorThrow);","            local.testCase_buildLib_default(options, local.onErrorThrow);","            local.testCase_buildTest_default(options, local.onErrorThrow);","            local.testCase_buildCustomOrg_default(options, local.onErrorThrow);","            options = [];","            local.buildApp(options, onError);","        };","","        local.testCase_buildCustomOrg_default = local.testCase_buildCustomOrg_default ||","            function (options, onError) {","            /*","             * this function will test buildCustomOrg's default handling-behavior","             */","                options = {};","                local.buildCustomOrg(options, onError);","            };","","        local.testCase_buildLib_default = local.testCase_buildLib_default || function (","            options,","            onError","        ) {","        /*","         * this function will test buildLib's default handling-behavior","         */","            options = {};","            local.buildLib(options, onError);","        };","","        local.testCase_buildReadme_default = local.testCase_buildReadme_default || function (","            options,","            onError","        ) {","        /*","         * this function will test buildReadme's default handling-behavior-behavior","         */","            options = {};","            local.buildReadme(options, onError);","        };","","        local.testCase_buildTest_default = local.testCase_buildTest_default || function (","            options,","            onError","        ) {","        /*","         * this function will test buildTest's default handling-behavior","         */","            options = {};","            local.buildTest(options, onError);","        };","","        local.testCase_webpage_default = local.testCase_webpage_default || function (","            options,","            onError","        ) {","        /*","         * this function will test webpage's default handling-behavior","         */","            options = { modeCoverageMerge: true, url: local.serverLocalHost + '?modeTest=1' };","            local.browserTest(options, onError);","        };","","        // run test-server","        local.testRunServer(local);","        break;","    }","}());",""],"l":{"12":2,"14":2,"19":2,"21":2,"23":2,"24":2,"25":2,"30":1,"37":2,"40":2,"43":1,"47":1,"50":1,"52":1,"55":2,"61":2,"62":2,"64":2,"70":1,"76":1,"82":2,"83":2,"85":2,"91":1,"98":1,"102":1,"105":1,"112":1,"119":1,"120":1,"123":1,"130":1,"131":1,"132":1,"133":1,"134":1,"135":1,"138":1,"143":2,"144":2,"147":1,"154":2,"155":2,"158":1,"165":2,"166":2,"169":1,"176":2,"177":2,"180":1,"187":1,"188":1,"192":1,"193":1}},"/home/travis/build/npmtest/node-npmtest-urllib/lib.npmtest_urllib.js":{"path":"/home/travis/build/npmtest/node-npmtest-urllib/lib.npmtest_urllib.js","s":{"1":2,"2":2,"3":2,"4":2,"5":2,"6":2,"7":2,"8":1,"9":2,"10":2,"11":2,"12":2,"13":1,"14":1,"15":1,"16":1},"b":{"1":[2,1,1,1],"2":[1,1,1,1],"3":[1,1],"4":[2,2],"5":[1,1]},"f":{"1":2,"2":2,"3":2},"fnMap":{"1":{"name":"(anonymous_1)","line":12,"loc":{"start":{"line":12,"column":1},"end":{"line":12,"column":13}}},"2":{"name":"(anonymous_2)","line":19,"loc":{"start":{"line":19,"column":5},"end":{"line":19,"column":17}}},"3":{"name":"(anonymous_3)","line":23,"loc":{"start":{"line":23,"column":24},"end":{"line":23,"column":36}}}},"statementMap":{"1":{"start":{"line":12,"column":0},"end":{"line":53,"column":5}},"2":{"start":{"line":14,"column":4},"end":{"line":14,"column":14}},"3":{"start":{"line":19,"column":4},"end":{"line":52,"column":9}},"4":{"start":{"line":21,"column":8},"end":{"line":21,"column":19}},"5":{"start":{"line":23,"column":8},"end":{"line":35,"column":13}},"6":{"start":{"line":24,"column":12},"end":{"line":34,"column":13}},"7":{"start":{"line":25,"column":16},"end":{"line":28,"column":30}},"8":{"start":{"line":30,"column":16},"end":{"line":33,"column":27}},"9":{"start":{"line":37,"column":8},"end":{"line":39,"column":21}},"10":{"start":{"line":41,"column":8},"end":{"line":41,"column":54}},"11":{"start":{"line":43,"column":8},"end":{"line":43,"column":51}},"12":{"start":{"line":45,"column":8},"end":{"line":51,"column":9}},"13":{"start":{"line":46,"column":12},"end":{"line":46,"column":57}},"14":{"start":{"line":48,"column":12},"end":{"line":48,"column":35}},"15":{"start":{"line":49,"column":12},"end":{"line":49,"column":49}},"16":{"start":{"line":50,"column":12},"end":{"line":50,"column":43}}},"branchMap":{"1":{"line":25,"type":"binary-expr","locations":[{"start":{"line":25,"column":23},"end":{"line":25,"column":62}},{"start":{"line":26,"column":20},"end":{"line":26,"column":70}},{"start":{"line":27,"column":20},"end":{"line":27,"column":71}},{"start":{"line":28,"column":20},"end":{"line":28,"column":29}}]},"2":{"line":30,"type":"binary-expr","locations":[{"start":{"line":30,"column":23},"end":{"line":30,"column":37}},{"start":{"line":31,"column":20},"end":{"line":31,"column":61}},{"start":{"line":32,"column":20},"end":{"line":32,"column":70}},{"start":{"line":33,"column":20},"end":{"line":33,"column":26}}]},"3":{"line":37,"type":"cond-expr","locations":[{"start":{"line":38,"column":14},"end":{"line":38,"column":20}},{"start":{"line":39,"column":14},"end":{"line":39,"column":20}}]},"4":{"line":41,"type":"binary-expr","locations":[{"start":{"line":41,"column":16},"end":{"line":41,"column":44}},{"start":{"line":41,"column":48},"end":{"line":41,"column":53}}]},"5":{"line":45,"type":"if","locations":[{"start":{"line":45,"column":8},"end":{"line":45,"column":8}},{"start":{"line":45,"column":8},"end":{"line":45,"column":8}}]}},"code":["/* istanbul instrument in package npmtest_urllib */","/*jslint","    bitwise: true,","    browser: true,","    maxerr: 8,","    maxlen: 96,","    node: true,","    nomen: true,","    regexp: true,","    stupid: true","*/","(function () {","    'use strict';","    var local;","","","","    // run shared js-env code - pre-init","    (function () {","        // init local","        local = {};","        // init modeJs","        local.modeJs = (function () {","            try {","                return typeof navigator.userAgent === 'string' &&","                    typeof document.querySelector('body') === 'object' &&","                    typeof XMLHttpRequest.prototype.open === 'function' &&","                    'browser';","            } catch (errorCaughtBrowser) {","                return module.exports &&","                    typeof process.versions.node === 'string' &&","                    typeof require('http').createServer === 'function' &&","                    'node';","            }","        }());","        // init global","        local.global = local.modeJs === 'browser'","            ? window","            : global;","        // init utility2_rollup","        local = local.global.utility2_rollup || local;","        // init lib","        local.local = local.npmtest_urllib = local;","        // init exports","        if (local.modeJs === 'browser') {","            local.global.utility2_npmtest_urllib = local;","        } else {","            module.exports = local;","            module.exports.__dirname = __dirname;","            module.exports.module = module;","        }","    }());","}());",""],"l":{"12":2,"14":2,"19":2,"21":2,"23":2,"24":2,"25":2,"30":1,"37":2,"41":2,"43":2,"45":2,"46":1,"48":1,"49":1,"50":1}},"/home/travis/build/npmtest/node-npmtest-urllib/example.js":{"path":"/home/travis/build/npmtest/node-npmtest-urllib/example.js","s":{"1":2,"2":2,"3":2,"4":2,"5":2,"6":2,"7":2,"8":1,"9":2,"10":2,"11":2,"12":2,"13":1,"14":2,"15":2,"16":2,"17":2,"18":2,"19":0,"20":2,"21":1,"22":1,"23":1,"24":1,"25":1,"26":0,"27":0,"28":1,"29":1,"30":2,"31":0,"32":0,"33":0,"34":1,"35":2,"36":2,"37":3,"38":3,"39":3,"40":3,"41":0,"42":3,"43":3,"44":3,"45":1,"46":3,"47":1,"48":1,"49":1,"50":1,"51":1,"52":1,"53":1,"54":1,"55":1,"56":1,"57":0,"58":1,"59":6,"60":6,"61":1,"62":2,"63":0,"64":2,"65":1,"66":1,"67":0,"68":0,"69":0,"70":0,"71":0,"72":0,"73":0,"74":0,"75":0,"76":0,"77":0,"78":0,"79":0,"80":0,"81":0,"82":0,"83":0},"b":{"1":[2,1,1,1],"2":[1,1,1,1],"3":[1,1],"4":[2,2],"5":[1,1],"6":[1,1],"7":[2,0],"8":[2,1,1,1,1,1],"9":[0,2,0],"10":[1,1],"11":[2,1,1],"12":[1,0],"13":[0,2],"14":[2,0,0,0,0,0,0],"15":[0,3],"16":[3,0],"17":[1,1],"18":[0,1],"19":[1,2,0,2],"20":[1,0],"21":[1,1],"22":[0,0],"23":[0,0],"24":[0,0],"25":[0,0],"26":[0,0],"27":[0,0],"28":[0,0]},"f":{"1":2,"2":2,"3":2,"4":2,"5":2,"6":2,"7":3,"8":3,"9":3,"10":1,"11":6,"12":0},"fnMap":{"1":{"name":"(anonymous_1)","line":26,"loc":{"start":{"line":26,"column":1},"end":{"line":26,"column":13}}},"2":{"name":"(anonymous_2)","line":33,"loc":{"start":{"line":33,"column":5},"end":{"line":33,"column":17}}},"3":{"name":"(anonymous_3)","line":37,"loc":{"start":{"line":37,"column":24},"end":{"line":37,"column":36}}},"4":{"name":"(anonymous_4)","line":69,"loc":{"start":{"line":69,"column":31},"end":{"line":69,"column":48}},"skip":true},"5":{"name":"(anonymous_5)","line":78,"loc":{"start":{"line":78,"column":26},"end":{"line":78,"column":45}},"skip":true},"6":{"name":"(anonymous_6)","line":123,"loc":{"start":{"line":123,"column":33},"end":{"line":123,"column":48}},"skip":true},"7":{"name":"(anonymous_7)","line":125,"loc":{"start":{"line":125,"column":27},"end":{"line":125,"column":39}},"skip":true},"8":{"name":"(anonymous_8)","line":133,"loc":{"start":{"line":133,"column":59},"end":{"line":133,"column":74}},"skip":true},"9":{"name":"(anonymous_9)","line":143,"loc":{"start":{"line":143,"column":45},"end":{"line":143,"column":62}},"skip":true},"10":{"name":"(anonymous_10)","line":144,"loc":{"start":{"line":144,"column":73},"end":{"line":144,"column":92}},"skip":true},"11":{"name":"(anonymous_11)","line":272,"loc":{"start":{"line":272,"column":51},"end":{"line":272,"column":77}},"skip":true},"12":{"name":"(anonymous_12)","line":315,"loc":{"start":{"line":315,"column":32},"end":{"line":315,"column":61}},"skip":true}},"statementMap":{"1":{"start":{"line":26,"column":0},"end":{"line":326,"column":5}},"2":{"start":{"line":28,"column":4},"end":{"line":28,"column":14}},"3":{"start":{"line":33,"column":4},"end":{"line":60,"column":9}},"4":{"start":{"line":35,"column":8},"end":{"line":35,"column":19}},"5":{"start":{"line":37,"column":8},"end":{"line":49,"column":13}},"6":{"start":{"line":38,"column":12},"end":{"line":48,"column":13}},"7":{"start":{"line":39,"column":16},"end":{"line":42,"column":30}},"8":{"start":{"line":44,"column":16},"end":{"line":47,"column":27}},"9":{"start":{"line":51,"column":8},"end":{"line":53,"column":21}},"10":{"start":{"line":55,"column":8},"end":{"line":57,"column":45}},"11":{"start":{"line":59,"column":8},"end":{"line":59,"column":35}},"12":{"start":{"line":61,"column":4},"end":{"line":325,"column":5}},"13":{"start":{"line":69,"column":8},"end":{"line":121,"column":10},"skip":true},"14":{"start":{"line":70,"column":12},"end":{"line":88,"column":13},"skip":true},"15":{"start":{"line":76,"column":16},"end":{"line":87,"column":19},"skip":true},"16":{"start":{"line":79,"column":20},"end":{"line":86,"column":21},"skip":true},"17":{"start":{"line":82,"column":24},"end":{"line":82,"column":43},"skip":true},"18":{"start":{"line":83,"column":24},"end":{"line":83,"column":30},"skip":true},"19":{"start":{"line":85,"column":24},"end":{"line":85,"column":49},"skip":true},"20":{"start":{"line":89,"column":12},"end":{"line":107,"column":13},"skip":true},"21":{"start":{"line":92,"column":16},"end":{"line":102,"column":17},"skip":true},"22":{"start":{"line":93,"column":20},"end":{"line":93,"column":86},"skip":true},"23":{"start":{"line":94,"column":20},"end":{"line":95,"column":45},"skip":true},"24":{"start":{"line":96,"column":20},"end":{"line":96,"column":42},"skip":true},"25":{"start":{"line":97,"column":20},"end":{"line":97,"column":48},"skip":true},"26":{"start":{"line":100,"column":20},"end":{"line":100,"column":85},"skip":true},"27":{"start":{"line":101,"column":20},"end":{"line":101,"column":96},"skip":true},"28":{"start":{"line":103,"column":16},"end":{"line":103,"column":22},"skip":true},"29":{"start":{"line":106,"column":16},"end":{"line":106,"column":22},"skip":true},"30":{"start":{"line":108,"column":12},"end":{"line":120,"column":13},"skip":true},"31":{"start":{"line":114,"column":16},"end":{"line":119,"column":17},"skip":true},"32":{"start":{"line":116,"column":20},"end":{"line":116,"column":78},"skip":true},"33":{"start":{"line":118,"column":20},"end":{"line":118,"column":47},"skip":true},"34":{"start":{"line":123,"column":8},"end":{"line":141,"column":11},"skip":true},"35":{"start":{"line":124,"column":12},"end":{"line":124,"column":54},"skip":true},"36":{"start":{"line":125,"column":12},"end":{"line":140,"column":14},"skip":true},"37":{"start":{"line":126,"column":16},"end":{"line":126,"column":28},"skip":true},"38":{"start":{"line":127,"column":16},"end":{"line":127,"column":69},"skip":true},"39":{"start":{"line":128,"column":16},"end":{"line":128,"column":75},"skip":true},"40":{"start":{"line":129,"column":16},"end":{"line":131,"column":17},"skip":true},"41":{"start":{"line":130,"column":20},"end":{"line":130,"column":27},"skip":true},"42":{"start":{"line":133,"column":16},"end":{"line":137,"column":36},"skip":true},"43":{"start":{"line":134,"column":20},"end":{"line":136,"column":55},"skip":true},"44":{"start":{"line":139,"column":16},"end":{"line":139,"column":57},"skip":true},"45":{"start":{"line":143,"column":8},"end":{"line":147,"column":11},"skip":true},"46":{"start":{"line":144,"column":12},"end":{"line":146,"column":15},"skip":true},"47":{"start":{"line":145,"column":16},"end":{"line":145,"column":70},"skip":true},"48":{"start":{"line":149,"column":8},"end":{"line":149,"column":31},"skip":true},"49":{"start":{"line":150,"column":8},"end":{"line":150,"column":14},"skip":true},"50":{"start":{"line":158,"column":8},"end":{"line":158,"column":31},"skip":true},"51":{"start":{"line":160,"column":8},"end":{"line":160,"column":33},"skip":true},"52":{"start":{"line":161,"column":8},"end":{"line":161,"column":37},"skip":true},"53":{"start":{"line":162,"column":8},"end":{"line":162,"column":35},"skip":true},"54":{"start":{"line":164,"column":8},"end":{"line":164,"column":50},"skip":true},"55":{"start":{"line":166,"column":8},"end":{"line":256,"column":2},"skip":true},"56":{"start":{"line":258,"column":8},"end":{"line":286,"column":9},"skip":true},"57":{"start":{"line":259,"column":12},"end":{"line":269,"column":14},"skip":true},"58":{"start":{"line":271,"column":12},"end":{"line":285,"column":19},"skip":true},"59":{"start":{"line":274,"column":20},"end":{"line":274,"column":35},"skip":true},"60":{"start":{"line":275,"column":20},"end":{"line":284,"column":21},"skip":true},"61":{"start":{"line":277,"column":24},"end":{"line":277,"column":64},"skip":true},"62":{"start":{"line":279,"column":24},"end":{"line":279,"column":40},"skip":true},"63":{"start":{"line":281,"column":24},"end":{"line":281,"column":40},"skip":true},"64":{"start":{"line":283,"column":24},"end":{"line":283,"column":39},"skip":true},"65":{"start":{"line":288,"column":8},"end":{"line":290,"column":9},"skip":true},"66":{"start":{"line":289,"column":12},"end":{"line":289,"column":18},"skip":true},"67":{"start":{"line":291,"column":8},"end":{"line":293,"column":54},"skip":true},"68":{"start":{"line":296,"column":8},"end":{"line":301,"column":37},"skip":true},"69":{"start":{"line":303,"column":8},"end":{"line":303,"column":82},"skip":true},"70":{"start":{"line":306,"column":8},"end":{"line":308,"column":9},"skip":true},"71":{"start":{"line":307,"column":12},"end":{"line":307,"column":82},"skip":true},"72":{"start":{"line":310,"column":8},"end":{"line":312,"column":9},"skip":true},"73":{"start":{"line":311,"column":12},"end":{"line":311,"column":18},"skip":true},"74":{"start":{"line":313,"column":8},"end":{"line":313,"column":54},"skip":true},"75":{"start":{"line":314,"column":8},"end":{"line":314,"column":69},"skip":true},"76":{"start":{"line":315,"column":8},"end":{"line":323,"column":36},"skip":true},"77":{"start":{"line":316,"column":12},"end":{"line":316,"column":61},"skip":true},"78":{"start":{"line":317,"column":12},"end":{"line":320,"column":13},"skip":true},"79":{"start":{"line":318,"column":16},"end":{"line":318,"column":75},"skip":true},"80":{"start":{"line":319,"column":16},"end":{"line":319,"column":23},"skip":true},"81":{"start":{"line":321,"column":12},"end":{"line":321,"column":38},"skip":true},"82":{"start":{"line":322,"column":12},"end":{"line":322,"column":27},"skip":true},"83":{"start":{"line":324,"column":8},"end":{"line":324,"column":14},"skip":true}},"branchMap":{"1":{"line":39,"type":"binary-expr","locations":[{"start":{"line":39,"column":23},"end":{"line":39,"column":62}},{"start":{"line":40,"column":20},"end":{"line":40,"column":70}},{"start":{"line":41,"column":20},"end":{"line":41,"column":71}},{"start":{"line":42,"column":20},"end":{"line":42,"column":29}}]},"2":{"line":44,"type":"binary-expr","locations":[{"start":{"line":44,"column":23},"end":{"line":44,"column":37}},{"start":{"line":45,"column":20},"end":{"line":45,"column":61}},{"start":{"line":46,"column":20},"end":{"line":46,"column":70}},{"start":{"line":47,"column":20},"end":{"line":47,"column":26}}]},"3":{"line":51,"type":"cond-expr","locations":[{"start":{"line":52,"column":14},"end":{"line":52,"column":20}},{"start":{"line":53,"column":14},"end":{"line":53,"column":20}}]},"4":{"line":55,"type":"binary-expr","locations":[{"start":{"line":55,"column":16},"end":{"line":55,"column":44}},{"start":{"line":55,"column":49},"end":{"line":57,"column":43}}]},"5":{"line":55,"type":"cond-expr","locations":[{"start":{"line":56,"column":14},"end":{"line":56,"column":50}},{"start":{"line":57,"column":14},"end":{"line":57,"column":43}}]},"6":{"line":61,"type":"switch","locations":[{"start":{"line":68,"column":4},"end":{"line":150,"column":14},"skip":true},{"start":{"line":156,"column":4},"end":{"line":324,"column":14},"skip":true}]},"7":{"line":70,"type":"if","locations":[{"start":{"line":70,"column":12},"end":{"line":70,"column":12},"skip":true},{"start":{"line":70,"column":12},"end":{"line":70,"column":12},"skip":true}]},"8":{"line":70,"type":"binary-expr","locations":[{"start":{"line":70,"column":16},"end":{"line":70,"column":22},"skip":true},{"start":{"line":70,"column":27},"end":{"line":70,"column":32},"skip":true},{"start":{"line":71,"column":20},"end":{"line":71,"column":39},"skip":true},{"start":{"line":72,"column":20},"end":{"line":72,"column":49},"skip":true},{"start":{"line":73,"column":20},"end":{"line":73,"column":58},"skip":true},{"start":{"line":74,"column":20},"end":{"line":74,"column":69},"skip":true}]},"9":{"line":79,"type":"switch","locations":[{"start":{"line":80,"column":20},"end":{"line":80,"column":33},"skip":true},{"start":{"line":81,"column":20},"end":{"line":83,"column":30},"skip":true},{"start":{"line":84,"column":20},"end":{"line":85,"column":49},"skip":true}]},"10":{"line":89,"type":"switch","locations":[{"start":{"line":90,"column":12},"end":{"line":103,"column":22},"skip":true},{"start":{"line":105,"column":12},"end":{"line":106,"column":22},"skip":true}]},"11":{"line":89,"type":"binary-expr","locations":[{"start":{"line":89,"column":20},"end":{"line":89,"column":25},"skip":true},{"start":{"line":89,"column":29},"end":{"line":89,"column":48},"skip":true},{"start":{"line":89,"column":52},"end":{"line":89,"column":74},"skip":true}]},"12":{"line":92,"type":"if","locations":[{"start":{"line":92,"column":16},"end":{"line":92,"column":16},"skip":true},{"start":{"line":92,"column":16},"end":{"line":92,"column":16},"skip":true}]},"13":{"line":108,"type":"if","locations":[{"start":{"line":108,"column":12},"end":{"line":108,"column":12},"skip":true},{"start":{"line":108,"column":12},"end":{"line":108,"column":12},"skip":true}]},"14":{"line":108,"type":"binary-expr","locations":[{"start":{"line":108,"column":16},"end":{"line":108,"column":61},"skip":true},{"start":{"line":108,"column":66},"end":{"line":108,"column":72},"skip":true},{"start":{"line":108,"column":77},"end":{"line":108,"column":82},"skip":true},{"start":{"line":109,"column":20},"end":{"line":109,"column":39},"skip":true},{"start":{"line":110,"column":20},"end":{"line":110,"column":49},"skip":true},{"start":{"line":111,"column":20},"end":{"line":111,"column":58},"skip":true},{"start":{"line":112,"column":20},"end":{"line":112,"column":68},"skip":true}]},"15":{"line":129,"type":"if","locations":[{"start":{"line":129,"column":16},"end":{"line":129,"column":16},"skip":true},{"start":{"line":129,"column":16},"end":{"line":129,"column":16},"skip":true}]},"16":{"line":134,"type":"cond-expr","locations":[{"start":{"line":135,"column":26},"end":{"line":135,"column":29},"skip":true},{"start":{"line":136,"column":26},"end":{"line":136,"column":54},"skip":true}]},"17":{"line":164,"type":"binary-expr","locations":[{"start":{"line":164,"column":27},"end":{"line":164,"column":43},"skip":true},{"start":{"line":164,"column":47},"end":{"line":164,"column":49},"skip":true}]},"18":{"line":258,"type":"if","locations":[{"start":{"line":258,"column":8},"end":{"line":258,"column":8},"skip":true},{"start":{"line":258,"column":8},"end":{"line":258,"column":8},"skip":true}]},"19":{"line":275,"type":"switch","locations":[{"start":{"line":276,"column":20},"end":{"line":277,"column":64},"skip":true},{"start":{"line":278,"column":20},"end":{"line":279,"column":40},"skip":true},{"start":{"line":280,"column":20},"end":{"line":281,"column":40},"skip":true},{"start":{"line":282,"column":20},"end":{"line":283,"column":39},"skip":true}]},"20":{"line":288,"type":"if","locations":[{"start":{"line":288,"column":8},"end":{"line":288,"column":8},"skip":true},{"start":{"line":288,"column":8},"end":{"line":288,"column":8},"skip":true}]},"21":{"line":288,"type":"binary-expr","locations":[{"start":{"line":288,"column":12},"end":{"line":288,"column":40},"skip":true},{"start":{"line":288,"column":44},"end":{"line":288,"column":67},"skip":true}]},"22":{"line":292,"type":"binary-expr","locations":[{"start":{"line":292,"column":12},"end":{"line":292,"column":50},"skip":true},{"start":{"line":293,"column":12},"end":{"line":293,"column":53},"skip":true}]},"23":{"line":297,"type":"binary-expr","locations":[{"start":{"line":297,"column":12},"end":{"line":297,"column":64},"skip":true},{"start":{"line":298,"column":12},"end":{"line":301,"column":36},"skip":true}]},"24":{"line":303,"type":"binary-expr","locations":[{"start":{"line":303,"column":43},"end":{"line":303,"column":75},"skip":true},{"start":{"line":303,"column":79},"end":{"line":303,"column":81},"skip":true}]},"25":{"line":306,"type":"if","locations":[{"start":{"line":306,"column":8},"end":{"line":306,"column":8},"skip":true},{"start":{"line":306,"column":8},"end":{"line":306,"column":8},"skip":true}]},"26":{"line":310,"type":"if","locations":[{"start":{"line":310,"column":8},"end":{"line":310,"column":8},"skip":true},{"start":{"line":310,"column":8},"end":{"line":310,"column":8},"skip":true}]},"27":{"line":313,"type":"binary-expr","locations":[{"start":{"line":313,"column":27},"end":{"line":313,"column":43},"skip":true},{"start":{"line":313,"column":47},"end":{"line":313,"column":53},"skip":true}]},"28":{"line":317,"type":"if","locations":[{"start":{"line":317,"column":12},"end":{"line":317,"column":12},"skip":true},{"start":{"line":317,"column":12},"end":{"line":317,"column":12},"skip":true}]}},"code":["/*","example.js","","quickstart example","","instruction","    1. save this script as example.js","    2. run the shell command:","        $ npm install npmtest-urllib && PORT=8081 node example.js","    3. play with the browser-demo on http://127.0.0.1:8081","*/","","","","/* istanbul instrument in package npmtest_urllib */","/*jslint","    bitwise: true,","    browser: true,","    maxerr: 8,","    maxlen: 96,","    node: true,","    nomen: true,","    regexp: true,","    stupid: true","*/","(function () {","    'use strict';","    var local;","","","","    // run shared js-env code - pre-init","    (function () {","        // init local","        local = {};","        // init modeJs","        local.modeJs = (function () {","            try {","                return typeof navigator.userAgent === 'string' &&","                    typeof document.querySelector('body') === 'object' &&","                    typeof XMLHttpRequest.prototype.open === 'function' &&","                    'browser';","            } catch (errorCaughtBrowser) {","                return module.exports &&","                    typeof process.versions.node === 'string' &&","                    typeof require('http').createServer === 'function' &&","                    'node';","            }","        }());","        // init global","        local.global = local.modeJs === 'browser'","            ? window","            : global;","        // init utility2_rollup","        local = local.global.utility2_rollup || (local.modeJs === 'browser'","            ? local.global.utility2_npmtest_urllib","            : global.utility2_moduleExports);","        // export local","        local.global.local = local;","    }());","    switch (local.modeJs) {","","","","    // post-init","    // run browser js-env code - post-init","    /* istanbul ignore next */","    case 'browser':","        local.testRunBrowser = function (event) {","            if (!event || (event &&","                    event.currentTarget &&","                    event.currentTarget.className &&","                    event.currentTarget.className.includes &&","                    event.currentTarget.className.includes('onreset'))) {","                // reset output","                Array.from(","                    document.querySelectorAll('body > .resettable')","                ).forEach(function (element) {","                    switch (element.tagName) {","                    case 'INPUT':","                    case 'TEXTAREA':","                        element.value = '';","                        break;","                    default:","                        element.textContent = '';","                    }","                });","            }","            switch (event && event.currentTarget && event.currentTarget.id) {","            case 'testRunButton1':","                // show tests","                if (document.querySelector('#testReportDiv1').style.display === 'none') {","                    document.querySelector('#testReportDiv1').style.display = 'block';","                    document.querySelector('#testRunButton1').textContent =","                        'hide internal test';","                    local.modeTest = true;","                    local.testRunDefault(local);","                // hide tests","                } else {","                    document.querySelector('#testReportDiv1').style.display = 'none';","                    document.querySelector('#testRunButton1').textContent = 'run internal test';","                }","                break;","            // custom-case","            default:","                break;","            }","            if (document.querySelector('#inputTextareaEval1') && (!event || (event &&","                    event.currentTarget &&","                    event.currentTarget.className &&","                    event.currentTarget.className.includes &&","                    event.currentTarget.className.includes('oneval')))) {","                // try to eval input-code","                try {","                    /*jslint evil: true*/","                    eval(document.querySelector('#inputTextareaEval1').value);","                } catch (errorCaught) {","                    console.error(errorCaught);","                }","            }","        };","        // log stderr and stdout to #outputTextareaStdout1","        ['error', 'log'].forEach(function (key) {","            console[key + '_original'] = console[key];","            console[key] = function () {","                var element;","                console[key + '_original'].apply(console, arguments);","                element = document.querySelector('#outputTextareaStdout1');","                if (!element) {","                    return;","                }","                // append text to #outputTextareaStdout1","                element.value += Array.from(arguments).map(function (arg) {","                    return typeof arg === 'string'","                        ? arg","                        : JSON.stringify(arg, null, 4);","                }).join(' ') + '\\n';","                // scroll textarea to bottom","                element.scrollTop = element.scrollHeight;","            };","        });","        // init event-handling","        ['change', 'click', 'keyup'].forEach(function (event) {","            Array.from(document.querySelectorAll('.on' + event)).forEach(function (element) {","                element.addEventListener(event, local.testRunBrowser);","            });","        });","        // run tests","        local.testRunBrowser();","        break;","","","","    // run node js-env code - post-init","    /* istanbul ignore next */","    case 'node':","        // export local","        module.exports = local;","        // require modules","        local.fs = require('fs');","        local.http = require('http');","        local.url = require('url');","        // init assets","        local.assetsDict = local.assetsDict || {};","        /* jslint-ignore-begin */","        local.assetsDict['/assets.index.template.html'] = '\\","<!doctype html>\\n\\","<html lang=\"en\">\\n\\","<head>\\n\\","<meta charset=\"UTF-8\">\\n\\","<meta name=\"viewport\" content=\"width=device-width, initial-scale=1\">\\n\\","<title>{{env.npm_package_name}} (v{{env.npm_package_version}})</title>\\n\\","<style>\\n\\","/*csslint\\n\\","    box-sizing: false,\\n\\","    universal-selector: false\\n\\","*/\\n\\","* {\\n\\","    box-sizing: border-box;\\n\\","}\\n\\","body {\\n\\","    background: #dde;\\n\\","    font-family: Arial, Helvetica, sans-serif;\\n\\","    margin: 2rem;\\n\\","}\\n\\","body > * {\\n\\","    margin-bottom: 1rem;\\n\\","}\\n\\",".utility2FooterDiv {\\n\\","    margin-top: 20px;\\n\\","    text-align: center;\\n\\","}\\n\\","</style>\\n\\","<style>\\n\\","/*csslint\\n\\","*/\\n\\","textarea {\\n\\","    font-family: monospace;\\n\\","    height: 10rem;\\n\\","    width: 100%;\\n\\","}\\n\\","textarea[readonly] {\\n\\","    background: #ddd;\\n\\","}\\n\\","</style>\\n\\","</head>\\n\\","<body>\\n\\","<!-- utility2-comment\\n\\","<div id=\"ajaxProgressDiv1\" style=\"background: #d00; height: 2px; left: 0; margin: 0; padding: 0; position: fixed; top: 0; transition: background 0.5s, width 1.5s; width: 25%;\"></div>\\n\\","utility2-comment -->\\n\\","<h1>\\n\\","<!-- utility2-comment\\n\\","    <a\\n\\","        {{#if env.npm_package_homepage}}\\n\\","        href=\"{{env.npm_package_homepage}}\"\\n\\","        {{/if env.npm_package_homepage}}\\n\\","        target=\"_blank\"\\n\\","    >\\n\\","utility2-comment -->\\n\\","        {{env.npm_package_name}} (v{{env.npm_package_version}})\\n\\","<!-- utility2-comment\\n\\","    </a>\\n\\","utility2-comment -->\\n\\","</h1>\\n\\","<h3>{{env.npm_package_description}}</h3>\\n\\","<!-- utility2-comment\\n\\","<h4><a download href=\"assets.app.js\">download standalone app</a></h4>\\n\\","<button class=\"onclick onreset\" id=\"testRunButton1\">run internal test</button><br>\\n\\","<div id=\"testReportDiv1\" style=\"display: none;\"></div>\\n\\","utility2-comment -->\\n\\","\\n\\","\\n\\","\\n\\","<label>stderr and stdout</label>\\n\\","<textarea class=\"resettable\" id=\"outputTextareaStdout1\" readonly></textarea>\\n\\","<!-- utility2-comment\\n\\","{{#if isRollup}}\\n\\","<script src=\"assets.app.js\"></script>\\n\\","{{#unless isRollup}}\\n\\","utility2-comment -->\\n\\","<script src=\"assets.utility2.rollup.js\"></script>\\n\\","<script src=\"jsonp.utility2._stateInit?callback=window.utility2._stateInit\"></script>\\n\\","<script src=\"assets.npmtest_urllib.rollup.js\"></script>\\n\\","<script src=\"assets.example.js\"></script>\\n\\","<script src=\"assets.test.js\"></script>\\n\\","<!-- utility2-comment\\n\\","{{/if isRollup}}\\n\\","utility2-comment -->\\n\\","<div class=\"utility2FooterDiv\">\\n\\","    [ this app was created with\\n\\","    <a href=\"https://github.com/kaizhu256/node-utility2\" target=\"_blank\">utility2</a>\\n\\","    ]\\n\\","</div>\\n\\","</body>\\n\\","</html>\\n\\","';","        /* jslint-ignore-end */","        if (local.templateRender) {","            local.assetsDict['/'] = local.templateRender(","                local.assetsDict['/assets.index.template.html'],","                {","                    env: local.objectSetDefault(local.env, {","                        npm_package_description: 'the greatest app in the world!',","                        npm_package_name: 'my-app',","                        npm_package_nameAlias: 'my_app',","                        npm_package_version: '0.0.1'","                    })","                }","            );","        } else {","            local.assetsDict['/'] = local.assetsDict['/assets.index.template.html']","                .replace((/\\{\\{env\\.(\\w+?)\\}\\}/g), function (match0, match1) {","                    // jslint-hack","                    String(match0);","                    switch (match1) {","                    case 'npm_package_description':","                        return 'the greatest app in the world!';","                    case 'npm_package_name':","                        return 'my-app';","                    case 'npm_package_nameAlias':","                        return 'my_app';","                    case 'npm_package_version':","                        return '0.0.1';","                    }","                });","        }","        // run the cli","        if (local.global.utility2_rollup || module !== require.main) {","            break;","        }","        local.assetsDict['/assets.example.js'] =","            local.assetsDict['/assets.example.js'] ||","            local.fs.readFileSync(__filename, 'utf8');","        // bug-workaround - long $npm_package_buildCustomOrg","        /* jslint-ignore-begin */","        local.assetsDict['/assets.npmtest_urllib.rollup.js'] =","            local.assetsDict['/assets.npmtest_urllib.rollup.js'] ||","            local.fs.readFileSync(","                local.npmtest_urllib.__dirname + '/lib.npmtest_urllib.js',","                'utf8'","            ).replace((/^#!/), '//');","        /* jslint-ignore-end */","        local.assetsDict['/favicon.ico'] = local.assetsDict['/favicon.ico'] || '';","        // if $npm_config_timeout_exit exists,","        // then exit this process after $npm_config_timeout_exit ms","        if (Number(process.env.npm_config_timeout_exit)) {","            setTimeout(process.exit, Number(process.env.npm_config_timeout_exit));","        }","        // start server","        if (local.global.utility2_serverHttp1) {","            break;","        }","        process.env.PORT = process.env.PORT || '8081';","        console.error('server starting on port ' + process.env.PORT);","        local.http.createServer(function (request, response) {","            request.urlParsed = local.url.parse(request.url);","            if (local.assetsDict[request.urlParsed.pathname] !== undefined) {","                response.end(local.assetsDict[request.urlParsed.pathname]);","                return;","            }","            response.statusCode = 404;","            response.end();","        }).listen(process.env.PORT);","        break;","    }","}());",""],"l":{"26":2,"28":2,"33":2,"35":2,"37":2,"38":2,"39":2,"44":1,"51":2,"55":2,"59":2,"61":2,"69":1,"70":2,"76":2,"79":2,"82":2,"83":2,"85":1,"89":2,"92":1,"93":1,"94":1,"96":1,"97":1,"100":1,"101":1,"103":1,"106":1,"108":2,"114":1,"116":1,"118":1,"123":1,"124":2,"125":2,"126":3,"127":3,"128":3,"129":3,"130":1,"133":3,"134":3,"139":3,"143":1,"144":3,"145":1,"149":1,"150":1,"158":1,"160":1,"161":1,"162":1,"164":1,"166":1,"258":1,"259":1,"271":1,"274":6,"275":6,"277":1,"279":2,"281":1,"283":2,"288":1,"289":1,"291":1,"296":1,"303":1,"306":1,"307":1,"310":1,"311":1,"313":1,"314":1,"315":1,"316":1,"317":1,"318":1,"319":1,"321":1,"322":1,"324":1}},"/home/travis/build/npmtest/node-npmtest-urllib/node_modules/urllib/lib/index.js":{"path":"/home/travis/build/npmtest/node-npmtest-urllib/node_modules/urllib/lib/index.js","s":{"1":1,"2":1,"3":1,"4":1,"5":1,"6":1,"7":1,"8":1,"9":1,"10":1,"11":1,"12":1,"13":1,"14":0},"b":{},"f":{"1":0},"fnMap":{"1":{"name":"(anonymous_1)","line":19,"loc":{"start":{"line":19,"column":17},"end":{"line":19,"column":36}}}},"statementMap":{"1":{"start":{"line":3,"column":0},"end":{"line":3,"column":33}},"2":{"start":{"line":5,"column":0},"end":{"line":5,"column":39}},"3":{"start":{"line":6,"column":0},"end":{"line":6,"column":33}},"4":{"start":{"line":7,"column":0},"end":{"line":7,"column":35}},"5":{"start":{"line":8,"column":0},"end":{"line":8,"column":29}},"6":{"start":{"line":9,"column":0},"end":{"line":9,"column":39}},"7":{"start":{"line":11,"column":0},"end":{"line":11,"column":27}},"8":{"start":{"line":12,"column":0},"end":{"line":12,"column":33}},"9":{"start":{"line":13,"column":0},"end":{"line":13,"column":57}},"10":{"start":{"line":14,"column":0},"end":{"line":14,"column":43}},"11":{"start":{"line":16,"column":0},"end":{"line":16,"column":45}},"12":{"start":{"line":17,"column":0},"end":{"line":17,"column":47}},"13":{"start":{"line":19,"column":0},"end":{"line":21,"column":2}},"14":{"start":{"line":20,"column":2},"end":{"line":20,"column":41}}},"branchMap":{},"code":["'use strict';","","var urllib = require('./urllib');","","exports.USER_AGENT = urllib.USER_AGENT;","exports.TIMEOUT = urllib.TIMEOUT;","exports.TIMEOUTS = urllib.TIMEOUTS;","exports.agent = urllib.agent;","exports.httpsAgent = urllib.httpsAgent;","","exports.curl = urllib.curl;","exports.request = urllib.request;","exports.requestWithCallback = urllib.requestWithCallback;","exports.requestThunk = urllib.requestThunk;","","exports.HttpClient = require('./httpclient');","exports.HttpClient2 = require('./httpclient2');","","exports.create = function (options) {","  return new exports.HttpClient(options);","};",""],"l":{"3":1,"5":1,"6":1,"7":1,"8":1,"9":1,"11":1,"12":1,"13":1,"14":1,"16":1,"17":1,"19":1,"20":0}},"/home/travis/build/npmtest/node-npmtest-urllib/node_modules/urllib/lib/urllib.js":{"path":"/home/travis/build/npmtest/node-npmtest-urllib/node_modules/urllib/lib/urllib.js","s":{"1":1,"2":1,"3":1,"4":1,"5":1,"6":1,"7":1,"8":1,"9":1,"10":1,"11":1,"12":1,"13":1,"14":1,"15":1,"16":1,"17":1,"18":1,"19":1,"20":1,"21":1,"22":1,"23":1,"24":1,"25":1,"26":1,"27":1,"28":1,"29":1,"30":1,"31":1,"32":1,"33":0,"34":0,"35":0,"36":0,"37":0,"38":0,"39":0,"40":0,"41":0,"42":1,"43":1,"44":0,"45":0,"46":0,"47":0,"48":1,"49":0,"50":0,"51":0,"52":0,"53":0,"54":1,"55":0,"56":0,"57":0,"58":0,"59":0,"60":0,"61":0,"62":0,"63":0,"64":0,"65":0,"66":0,"67":0,"68":0,"69":0,"70":0,"71":0,"72":0,"73":0,"74":0,"75":0,"76":0,"77":0,"78":0,"79":0,"80":0,"81":0,"82":0,"83":0,"84":0,"85":0,"86":0,"87":0,"88":0,"89":0,"90":0,"91":0,"92":0,"93":0,"94":0,"95":0,"96":0,"97":0,"98":0,"99":0,"100":0,"101":0,"102":0,"103":0,"104":0,"105":0,"106":0,"107":0,"108":0,"109":0,"110":0,"111":0,"112":0,"113":0,"114":0,"115":0,"116":0,"117":0,"118":0,"119":0,"120":0,"121":0,"122":0,"123":0,"124":0,"125":0,"126":0,"127":0,"128":0,"129":0,"130":0,"131":0,"132":0,"133":0,"134":0,"135":0,"136":0,"137":0,"138":0,"139":0,"140":0,"141":1,"142":0,"143":0,"144":0,"145":1,"146":0,"147":0,"148":0,"149":1,"150":0,"151":0,"152":0,"153":0,"154":0,"155":0,"156":0,"157":0,"158":0,"159":0,"160":0,"161":0,"162":0,"163":0,"164":0,"165":0,"166":0,"167":0,"168":0,"169":0,"170":0,"171":0,"172":0,"173":0,"174":0,"175":0,"176":0,"177":0,"178":0,"179":0,"180":0,"181":0,"182":0,"183":0,"184":0,"185":0,"186":0,"187":0,"188":0,"189":0,"190":0,"191":0,"192":0,"193":0,"194":1,"195":0,"196":0,"197":0,"198":0,"199":0,"200":0,"201":0,"202":0,"203":0,"204":0,"205":0,"206":0,"207":0,"208":0,"209":0,"210":0,"211":0,"212":0,"213":0,"214":0,"215":0,"216":0,"217":0,"218":0,"219":0,"220":1,"221":0,"222":0,"223":0,"224":0,"225":0,"226":0,"227":0,"228":0,"229":0,"230":0,"231":1,"232":0,"233":0,"234":0,"235":0,"236":0,"237":0,"238":0,"239":0,"240":0,"241":0,"242":0,"243":0,"244":0,"245":0,"246":0,"247":0,"248":0,"249":0,"250":0,"251":0,"252":0,"253":0,"254":0,"255":0,"256":0,"257":0,"258":0,"259":0,"260":0,"261":0,"262":0,"263":0,"264":0,"265":0,"266":0,"267":0,"268":0,"269":0,"270":0,"271":0,"272":0,"273":0,"274":0,"275":0,"276":0,"277":0,"278":0,"279":0,"280":0,"281":0,"282":0,"283":0,"284":0,"285":0,"286":0,"287":0,"288":0,"289":0,"290":0,"291":0,"292":0,"293":0,"294":0,"295":0,"296":0,"297":0,"298":0,"299":0,"300":0,"301":0,"302":0,"303":0,"304":0,"305":0,"306":0,"307":0,"308":0,"309":1,"310":0,"311":0,"312":0,"313":0,"314":0,"315":0,"316":0,"317":0,"318":0,"319":0,"320":0,"321":0,"322":0,"323":0,"324":0,"325":1,"326":0,"327":0,"328":0,"329":0,"330":0,"331":0,"332":0,"333":0,"334":0,"335":0,"336":0,"337":0,"338":0,"339":0,"340":0,"341":0,"342":1,"343":0,"344":0,"345":0,"346":0,"347":0,"348":0,"349":0,"350":0,"351":0,"352":0,"353":0,"354":0,"355":0,"356":0,"357":0,"358":0,"359":0,"360":0,"361":0,"362":0,"363":0,"364":0,"365":0,"366":0,"367":0,"368":0,"369":0,"370":0,"371":0,"372":0,"373":0,"374":0,"375":0,"376":0,"377":0,"378":0,"379":0,"380":0,"381":0,"382":0,"383":0,"384":0,"385":0,"386":0,"387":0,"388":0,"389":0,"390":0,"391":0,"392":0,"393":0,"394":0,"395":0,"396":0,"397":0,"398":0,"399":0,"400":0,"401":0,"402":0,"403":0,"404":0,"405":1,"406":1,"407":1,"408":0,"409":1,"410":0,"411":1,"412":0,"413":0,"414":0,"415":0,"416":0,"417":0,"418":0,"419":0,"420":0,"421":0,"422":0,"423":0,"424":1,"425":0,"426":0,"427":0,"428":0,"429":0,"430":0,"431":0,"432":0,"433":0,"434":0,"435":1,"436":0,"437":1,"438":0,"439":0,"440":0},"b":{"1":[0,0],"2":[0,0],"3":[0,0],"4":[0,0],"5":[0,0],"6":[0,0],"7":[0,0],"8":[0,0,0],"9":[0,0],"10":[0,0],"11":[0,0],"12":[0,0],"13":[0,0],"14":[0,0],"15":[0,0],"16":[0,0],"17":[0,0],"18":[0,0],"19":[0,0],"20":[0,0,0,0],"21":[0,0],"22":[0,0],"23":[0,0],"24":[0,0,0],"25":[0,0],"26":[0,0],"27":[0,0],"28":[0,0],"29":[0,0],"30":[0,0],"31":[0,0],"32":[0,0],"33":[0,0,0],"34":[0,0],"35":[0,0],"36":[0,0],"37":[0,0],"38":[0,0],"39":[0,0],"40":[0,0],"41":[0,0],"42":[0,0],"43":[0,0],"44":[0,0],"45":[0,0],"46":[0,0],"47":[0,0],"48":[0,0],"49":[0,0],"50":[0,0],"51":[0,0],"52":[0,0],"53":[0,0],"54":[0,0],"55":[0,0],"56":[0,0],"57":[0,0],"58":[0,0],"59":[0,0,0,0,0],"60":[0,0],"61":[0,0],"62":[0,0],"63":[0,0],"64":[0,0],"65":[0,0],"66":[0,0],"67":[0,0],"68":[0,0],"69":[0,0],"70":[0,0],"71":[0,0],"72":[0,0],"73":[0,0],"74":[0,0],"75":[0,0],"76":[0,0],"77":[0,0,0],"78":[0,0],"79":[0,0],"80":[0,0],"81":[0,0],"82":[0,0],"83":[0,0],"84":[0,0],"85":[0,0],"86":[0,0],"87":[0,0],"88":[0,0],"89":[0,0],"90":[0,0],"91":[0,0],"92":[0,0],"93":[0,0],"94":[0,0],"95":[0,0],"96":[0,0],"97":[0,0],"98":[0,0],"99":[0,0],"100":[0,0],"101":[0,0],"102":[0,0],"103":[0,0],"104":[0,0],"105":[0,0],"106":[0,0],"107":[0,0],"108":[0,0],"109":[0,0],"110":[0,0],"111":[0,0],"112":[0,0],"113":[0,0],"114":[0,0],"115":[0,0],"116":[0,0],"117":[0,0],"118":[0,0],"119":[0,0],"120":[0,0],"121":[0,0],"122":[0,0],"123":[0,0],"124":[0,0],"125":[0,0],"126":[0,0],"127":[0,0],"128":[0,0],"129":[0,0],"130":[0,0],"131":[0,0],"132":[0,0],"133":[0,0],"134":[0,0],"135":[0,0],"136":[0,0]},"f":{"1":0,"2":0,"3":0,"4":0,"5":0,"6":0,"7":0,"8":0,"9":0,"10":0,"11":0,"12":0,"13":0,"14":0,"15":0,"16":0,"17":0,"18":0,"19":0,"20":0,"21":0,"22":0,"23":0,"24":0,"25":0,"26":0,"27":0,"28":0,"29":0,"30":0,"31":0,"32":0,"33":0,"34":0,"35":0,"36":0,"37":0,"38":0,"39":0,"40":0},"fnMap":{"1":{"name":"request","line":120,"loc":{"start":{"line":120,"column":18},"end":{"line":120,"column":56}}},"2":{"name":"(anonymous_2)","line":134,"loc":{"start":{"line":134,"column":22},"end":{"line":134,"column":49}}},"3":{"name":"makeCallback","line":142,"loc":{"start":{"line":142,"column":0},"end":{"line":142,"column":39}}},"4":{"name":"(anonymous_4)","line":143,"loc":{"start":{"line":143,"column":9},"end":{"line":143,"column":35}}},"5":{"name":"requestThunk","line":157,"loc":{"start":{"line":157,"column":23},"end":{"line":157,"column":56}}},"6":{"name":"(anonymous_6)","line":158,"loc":{"start":{"line":158,"column":9},"end":{"line":158,"column":29}}},"7":{"name":"(anonymous_7)","line":159,"loc":{"start":{"line":159,"column":43},"end":{"line":159,"column":69}}},"8":{"name":"requestWithCallback","line":173,"loc":{"start":{"line":173,"column":30},"end":{"line":173,"column":80}}},"9":{"name":"cancelConnectTimer","line":355,"loc":{"start":{"line":355,"column":2},"end":{"line":355,"column":32}}},"10":{"name":"cancelResponseTimer","line":361,"loc":{"start":{"line":361,"column":2},"end":{"line":361,"column":33}}},"11":{"name":"done","line":368,"loc":{"start":{"line":368,"column":2},"end":{"line":368,"column":32}}},"12":{"name":"handleRedirect","line":463,"loc":{"start":{"line":463,"column":2},"end":{"line":463,"column":31}}},"13":{"name":"decodeContent","line":510,"loc":{"start":{"line":510,"column":2},"end":{"line":510,"column":40}}},"14":{"name":"onResponse","line":531,"loc":{"start":{"line":531,"column":2},"end":{"line":531,"column":27}}},"15":{"name":"(anonymous_15)","line":552,"loc":{"start":{"line":552,"column":20},"end":{"line":552,"column":32}}},"16":{"name":"(anonymous_16)","line":557,"loc":{"start":{"line":557,"column":20},"end":{"line":557,"column":32}}},"17":{"name":"(anonymous_17)","line":562,"loc":{"start":{"line":562,"column":22},"end":{"line":562,"column":34}}},"18":{"name":"(anonymous_18)","line":605,"loc":{"start":{"line":605,"column":13},"end":{"line":605,"column":40}}},"19":{"name":"(anonymous_19)","line":610,"loc":{"start":{"line":610,"column":34},"end":{"line":610,"column":45}}},"20":{"name":"(anonymous_20)","line":634,"loc":{"start":{"line":634,"column":19},"end":{"line":634,"column":36}}},"21":{"name":"(anonymous_21)","line":640,"loc":{"start":{"line":640,"column":18},"end":{"line":640,"column":30}}},"22":{"name":"(anonymous_22)","line":658,"loc":{"start":{"line":658,"column":31},"end":{"line":658,"column":62}}},"23":{"name":"startConnectTimer","line":707,"loc":{"start":{"line":707,"column":2},"end":{"line":707,"column":31}}},"24":{"name":"(anonymous_24)","line":709,"loc":{"start":{"line":709,"column":30},"end":{"line":709,"column":42}}},"25":{"name":"startResposneTimer","line":728,"loc":{"start":{"line":728,"column":2},"end":{"line":728,"column":32}}},"26":{"name":"(anonymous_26)","line":730,"loc":{"start":{"line":730,"column":31},"end":{"line":730,"column":43}}},"27":{"name":"abortRequest","line":756,"loc":{"start":{"line":756,"column":2},"end":{"line":756,"column":26}}},"28":{"name":"(anonymous_28)","line":768,"loc":{"start":{"line":768,"column":21},"end":{"line":768,"column":32}}},"29":{"name":"(anonymous_29)","line":773,"loc":{"start":{"line":773,"column":21},"end":{"line":773,"column":39}}},"30":{"name":"(anonymous_30)","line":788,"loc":{"start":{"line":788,"column":28},"end":{"line":788,"column":59}}},"31":{"name":"(anonymous_31)","line":797,"loc":{"start":{"line":797,"column":29},"end":{"line":797,"column":40}}},"32":{"name":"(anonymous_32)","line":830,"loc":{"start":{"line":830,"column":18},"end":{"line":830,"column":33}}},"33":{"name":"(anonymous_33)","line":840,"loc":{"start":{"line":840,"column":30},"end":{"line":840,"column":45}}},"34":{"name":"(anonymous_34)","line":850,"loc":{"start":{"line":850,"column":30},"end":{"line":850,"column":45}}},"35":{"name":"_replaceOneChar","line":875,"loc":{"start":{"line":875,"column":0},"end":{"line":875,"column":28}}},"36":{"name":"replaceJSONCtlChars","line":879,"loc":{"start":{"line":879,"column":0},"end":{"line":879,"column":34}}},"37":{"name":"parseJSON","line":883,"loc":{"start":{"line":883,"column":0},"end":{"line":883,"column":42}}},"38":{"name":"decodeBodyByCharset","line":918,"loc":{"start":{"line":918,"column":0},"end":{"line":918,"column":40}}},"39":{"name":"getAgent","line":937,"loc":{"start":{"line":937,"column":0},"end":{"line":937,"column":39}}},"40":{"name":"parseContentType","line":941,"loc":{"start":{"line":941,"column":0},"end":{"line":941,"column":31}}}},"statementMap":{"1":{"start":{"line":3,"column":0},"end":{"line":3,"column":39}},"2":{"start":{"line":4,"column":0},"end":{"line":4,"column":27}},"3":{"start":{"line":5,"column":0},"end":{"line":5,"column":29}},"4":{"start":{"line":6,"column":0},"end":{"line":6,"column":29}},"5":{"start":{"line":7,"column":0},"end":{"line":7,"column":27}},"6":{"start":{"line":8,"column":0},"end":{"line":8,"column":23}},"7":{"start":{"line":9,"column":0},"end":{"line":9,"column":41}},"8":{"start":{"line":10,"column":0},"end":{"line":10,"column":27}},"9":{"start":{"line":11,"column":0},"end":{"line":11,"column":39}},"10":{"start":{"line":12,"column":0},"end":{"line":12,"column":48}},"11":{"start":{"line":13,"column":0},"end":{"line":13,"column":27}},"12":{"start":{"line":14,"column":0},"end":{"line":14,"column":32}},"13":{"start":{"line":15,"column":0},"end":{"line":15,"column":35}},"14":{"start":{"line":16,"column":0},"end":{"line":16,"column":48}},"15":{"start":{"line":17,"column":0},"end":{"line":17,"column":32}},"16":{"start":{"line":19,"column":0},"end":{"line":19,"column":13}},"17":{"start":{"line":20,"column":0},"end":{"line":20,"column":11}},"18":{"start":{"line":22,"column":0},"end":{"line":22,"column":37}},"19":{"start":{"line":24,"column":0},"end":{"line":24,"column":69}},"20":{"start":{"line":27,"column":0},"end":{"line":27,"column":33}},"21":{"start":{"line":28,"column":0},"end":{"line":28,"column":32}},"22":{"start":{"line":30,"column":0},"end":{"line":30,"column":39}},"23":{"start":{"line":31,"column":0},"end":{"line":31,"column":37}},"24":{"start":{"line":39,"column":0},"end":{"line":39,"column":27}},"25":{"start":{"line":40,"column":0},"end":{"line":40,"column":40}},"26":{"start":{"line":42,"column":0},"end":{"line":42,"column":19}},"27":{"start":{"line":43,"column":0},"end":{"line":43,"column":37}},"28":{"start":{"line":44,"column":0},"end":{"line":44,"column":54}},"29":{"start":{"line":45,"column":0},"end":{"line":45,"column":54}},"30":{"start":{"line":52,"column":0},"end":{"line":55,"column":2}},"31":{"start":{"line":57,"column":0},"end":{"line":57,"column":31}},"32":{"start":{"line":120,"column":0},"end":{"line":137,"column":2}},"33":{"start":{"line":122,"column":2},"end":{"line":125,"column":3}},"34":{"start":{"line":123,"column":4},"end":{"line":123,"column":20}},"35":{"start":{"line":124,"column":4},"end":{"line":124,"column":16}},"36":{"start":{"line":126,"column":2},"end":{"line":128,"column":3}},"37":{"start":{"line":127,"column":4},"end":{"line":127,"column":60}},"38":{"start":{"line":131,"column":2},"end":{"line":133,"column":3}},"39":{"start":{"line":132,"column":4},"end":{"line":132,"column":38}},"40":{"start":{"line":134,"column":2},"end":{"line":136,"column":5}},"41":{"start":{"line":135,"column":4},"end":{"line":135,"column":74}},"42":{"start":{"line":140,"column":0},"end":{"line":140,"column":31}},"43":{"start":{"line":142,"column":0},"end":{"line":154,"column":1}},"44":{"start":{"line":143,"column":2},"end":{"line":153,"column":4}},"45":{"start":{"line":144,"column":4},"end":{"line":146,"column":5}},"46":{"start":{"line":145,"column":6},"end":{"line":145,"column":25}},"47":{"start":{"line":147,"column":4},"end":{"line":152,"column":7}},"48":{"start":{"line":157,"column":0},"end":{"line":171,"column":2}},"49":{"start":{"line":158,"column":2},"end":{"line":170,"column":4}},"50":{"start":{"line":159,"column":4},"end":{"line":169,"column":7}},"51":{"start":{"line":160,"column":6},"end":{"line":162,"column":7}},"52":{"start":{"line":161,"column":8},"end":{"line":161,"column":29}},"53":{"start":{"line":163,"column":6},"end":{"line":168,"column":9}},"54":{"start":{"line":173,"column":0},"end":{"line":862,"column":2}},"55":{"start":{"line":175,"column":2},"end":{"line":178,"column":3}},"56":{"start":{"line":176,"column":4},"end":{"line":176,"column":106}},"57":{"start":{"line":177,"column":4},"end":{"line":177,"column":25}},"58":{"start":{"line":180,"column":2},"end":{"line":183,"column":3}},"59":{"start":{"line":181,"column":4},"end":{"line":181,"column":20}},"60":{"start":{"line":182,"column":4},"end":{"line":182,"column":16}},"61":{"start":{"line":185,"column":2},"end":{"line":185,"column":20}},"62":{"start":{"line":186,"column":2},"end":{"line":188,"column":3}},"63":{"start":{"line":187,"column":4},"end":{"line":187,"column":19}},"64":{"start":{"line":189,"column":2},"end":{"line":189,"column":27}},"65":{"start":{"line":191,"column":2},"end":{"line":191,"column":44}},"66":{"start":{"line":193,"column":2},"end":{"line":198,"column":4}},"67":{"start":{"line":199,"column":2},"end":{"line":201,"column":3}},"68":{"start":{"line":200,"column":4},"end":{"line":200,"column":42}},"69":{"start":{"line":203,"column":2},"end":{"line":203,"column":50}},"70":{"start":{"line":204,"column":2},"end":{"line":204,"column":46}},"71":{"start":{"line":205,"column":2},"end":{"line":205,"column":57}},"72":{"start":{"line":206,"column":2},"end":{"line":206,"column":36}},"73":{"start":{"line":207,"column":2},"end":{"line":207,"column":16}},"74":{"start":{"line":209,"column":2},"end":{"line":217,"column":3}},"75":{"start":{"line":210,"column":4},"end":{"line":213,"column":5}},"76":{"start":{"line":212,"column":6},"end":{"line":212,"column":28}},"77":{"start":{"line":214,"column":4},"end":{"line":214,"column":35}},"78":{"start":{"line":216,"column":4},"end":{"line":216,"column":20}},"79":{"start":{"line":219,"column":2},"end":{"line":219,"column":85}},"80":{"start":{"line":220,"column":2},"end":{"line":220,"column":34}},"81":{"start":{"line":221,"column":2},"end":{"line":221,"column":21}},"82":{"start":{"line":222,"column":2},"end":{"line":222,"column":50}},"83":{"start":{"line":223,"column":2},"end":{"line":223,"column":47}},"84":{"start":{"line":225,"column":2},"end":{"line":232,"column":3}},"85":{"start":{"line":226,"column":4},"end":{"line":226,"column":20}},"86":{"start":{"line":227,"column":4},"end":{"line":227,"column":58}},"87":{"start":{"line":229,"column":4},"end":{"line":231,"column":5}},"88":{"start":{"line":230,"column":6},"end":{"line":230,"column":17}},"89":{"start":{"line":234,"column":2},"end":{"line":246,"column":4}},"90":{"start":{"line":248,"column":2},"end":{"line":258,"column":4}},"91":{"start":{"line":259,"column":2},"end":{"line":264,"column":3}},"92":{"start":{"line":260,"column":4},"end":{"line":260,"column":27}},"93":{"start":{"line":261,"column":4},"end":{"line":263,"column":5}},"94":{"start":{"line":262,"column":6},"end":{"line":262,"column":33}},"95":{"start":{"line":267,"column":2},"end":{"line":269,"column":3}},"96":{"start":{"line":268,"column":4},"end":{"line":268,"column":67}},"97":{"start":{"line":271,"column":2},"end":{"line":271,"column":41}},"98":{"start":{"line":272,"column":2},"end":{"line":274,"column":3}},"99":{"start":{"line":273,"column":4},"end":{"line":273,"column":24}},"100":{"start":{"line":276,"column":2},"end":{"line":276,"column":39}},"101":{"start":{"line":277,"column":2},"end":{"line":277,"column":90}},"102":{"start":{"line":278,"column":2},"end":{"line":303,"column":3}},"103":{"start":{"line":279,"column":4},"end":{"line":302,"column":5}},"104":{"start":{"line":280,"column":6},"end":{"line":301,"column":7}},"105":{"start":{"line":282,"column":8},"end":{"line":282,"column":89}},"106":{"start":{"line":284,"column":8},"end":{"line":284,"column":93}},"107":{"start":{"line":286,"column":8},"end":{"line":293,"column":9}},"108":{"start":{"line":287,"column":10},"end":{"line":291,"column":11}},"109":{"start":{"line":288,"column":12},"end":{"line":288,"column":45}},"110":{"start":{"line":290,"column":12},"end":{"line":290,"column":62}},"111":{"start":{"line":292,"column":10},"end":{"line":292,"column":56}},"112":{"start":{"line":295,"column":8},"end":{"line":300,"column":9}},"113":{"start":{"line":296,"column":10},"end":{"line":296,"column":38}},"114":{"start":{"line":299,"column":10},"end":{"line":299,"column":91}},"115":{"start":{"line":306,"column":2},"end":{"line":309,"column":3}},"116":{"start":{"line":307,"column":4},"end":{"line":307,"column":57}},"117":{"start":{"line":308,"column":4},"end":{"line":308,"column":16}},"118":{"start":{"line":311,"column":2},"end":{"line":311,"column":22}},"119":{"start":{"line":312,"column":2},"end":{"line":318,"column":3}},"120":{"start":{"line":313,"column":4},"end":{"line":313,"column":29}},"121":{"start":{"line":314,"column":4},"end":{"line":316,"column":5}},"122":{"start":{"line":315,"column":6},"end":{"line":315,"column":39}},"123":{"start":{"line":317,"column":4},"end":{"line":317,"column":61}},"124":{"start":{"line":320,"column":2},"end":{"line":322,"column":3}},"125":{"start":{"line":321,"column":4},"end":{"line":321,"column":48}},"126":{"start":{"line":324,"column":2},"end":{"line":327,"column":3}},"127":{"start":{"line":326,"column":4},"end":{"line":326,"column":32}},"128":{"start":{"line":328,"column":2},"end":{"line":328,"column":26}},"129":{"start":{"line":329,"column":2},"end":{"line":329,"column":27}},"130":{"start":{"line":330,"column":2},"end":{"line":330,"column":19}},"131":{"start":{"line":331,"column":2},"end":{"line":331,"column":24}},"132":{"start":{"line":332,"column":2},"end":{"line":332,"column":30}},"133":{"start":{"line":333,"column":2},"end":{"line":333,"column":23}},"134":{"start":{"line":334,"column":2},"end":{"line":334,"column":22}},"135":{"start":{"line":335,"column":2},"end":{"line":335,"column":30}},"136":{"start":{"line":336,"column":2},"end":{"line":336,"column":25}},"137":{"start":{"line":337,"column":2},"end":{"line":337,"column":22}},"138":{"start":{"line":338,"column":2},"end":{"line":338,"column":20}},"139":{"start":{"line":339,"column":2},"end":{"line":353,"column":3}},"140":{"start":{"line":340,"column":4},"end":{"line":352,"column":6}},"141":{"start":{"line":355,"column":2},"end":{"line":360,"column":3}},"142":{"start":{"line":356,"column":4},"end":{"line":359,"column":5}},"143":{"start":{"line":357,"column":6},"end":{"line":357,"column":33}},"144":{"start":{"line":358,"column":6},"end":{"line":358,"column":26}},"145":{"start":{"line":361,"column":2},"end":{"line":366,"column":3}},"146":{"start":{"line":362,"column":4},"end":{"line":365,"column":5}},"147":{"start":{"line":363,"column":6},"end":{"line":363,"column":34}},"148":{"start":{"line":364,"column":6},"end":{"line":364,"column":27}},"149":{"start":{"line":368,"column":2},"end":{"line":461,"column":3}},"150":{"start":{"line":369,"column":4},"end":{"line":369,"column":26}},"151":{"start":{"line":370,"column":4},"end":{"line":379,"column":5}},"152":{"start":{"line":371,"column":6},"end":{"line":372,"column":50}},"153":{"start":{"line":374,"column":6},"end":{"line":377,"column":7}},"154":{"start":{"line":375,"column":8},"end":{"line":376,"column":65}},"155":{"start":{"line":378,"column":6},"end":{"line":378,"column":13}},"156":{"start":{"line":380,"column":4},"end":{"line":380,"column":22}},"157":{"start":{"line":381,"column":4},"end":{"line":381,"column":20}},"158":{"start":{"line":382,"column":4},"end":{"line":382,"column":21}},"159":{"start":{"line":383,"column":4},"end":{"line":386,"column":5}},"160":{"start":{"line":384,"column":6},"end":{"line":384,"column":34}},"161":{"start":{"line":385,"column":6},"end":{"line":385,"column":28}},"162":{"start":{"line":389,"column":4},"end":{"line":402,"column":5}},"163":{"start":{"line":391,"column":6},"end":{"line":391,"column":53}},"164":{"start":{"line":392,"column":6},"end":{"line":401,"column":7}},"165":{"start":{"line":393,"column":8},"end":{"line":393,"column":102}},"166":{"start":{"line":394,"column":8},"end":{"line":394,"column":42}},"167":{"start":{"line":395,"column":8},"end":{"line":395,"column":115}},"168":{"start":{"line":396,"column":8},"end":{"line":396,"column":100}},"169":{"start":{"line":397,"column":8},"end":{"line":399,"column":9}},"170":{"start":{"line":398,"column":10},"end":{"line":398,"column":68}},"171":{"start":{"line":400,"column":8},"end":{"line":400,"column":58}},"172":{"start":{"line":404,"column":4},"end":{"line":404,"column":55}},"173":{"start":{"line":405,"column":4},"end":{"line":407,"column":5}},"174":{"start":{"line":406,"column":6},"end":{"line":406,"column":46}},"175":{"start":{"line":409,"column":4},"end":{"line":411,"column":31}},"176":{"start":{"line":413,"column":4},"end":{"line":426,"column":6}},"177":{"start":{"line":428,"column":4},"end":{"line":442,"column":5}},"178":{"start":{"line":429,"column":6},"end":{"line":429,"column":27}},"179":{"start":{"line":430,"column":6},"end":{"line":433,"column":7}},"180":{"start":{"line":432,"column":8},"end":{"line":432,"column":84}},"181":{"start":{"line":434,"column":6},"end":{"line":436,"column":50}},"182":{"start":{"line":437,"column":6},"end":{"line":437,"column":22}},"183":{"start":{"line":438,"column":6},"end":{"line":438,"column":30}},"184":{"start":{"line":439,"column":6},"end":{"line":439,"column":30}},"185":{"start":{"line":440,"column":6},"end":{"line":440,"column":28}},"186":{"start":{"line":441,"column":6},"end":{"line":441,"column":25}},"187":{"start":{"line":444,"column":4},"end":{"line":444,"column":51}},"188":{"start":{"line":446,"column":4},"end":{"line":460,"column":5}},"189":{"start":{"line":448,"column":6},"end":{"line":448,"column":24}},"190":{"start":{"line":449,"column":6},"end":{"line":449,"column":45}},"191":{"start":{"line":450,"column":6},"end":{"line":450,"column":32}},"192":{"start":{"line":451,"column":6},"end":{"line":451,"column":33}},"193":{"start":{"line":453,"column":6},"end":{"line":459,"column":9}},"194":{"start":{"line":463,"column":2},"end":{"line":497,"column":3}},"195":{"start":{"line":464,"column":4},"end":{"line":464,"column":19}},"196":{"start":{"line":465,"column":4},"end":{"line":492,"column":5}},"197":{"start":{"line":466,"column":6},"end":{"line":466,"column":71}},"198":{"start":{"line":467,"column":6},"end":{"line":467,"column":42}},"199":{"start":{"line":468,"column":6},"end":{"line":491,"column":7}},"200":{"start":{"line":469,"column":8},"end":{"line":469,"column":111}},"201":{"start":{"line":470,"column":8},"end":{"line":470,"column":41}},"202":{"start":{"line":471,"column":13},"end":{"line":491,"column":7}},"203":{"start":{"line":472,"column":8},"end":{"line":472,"column":91}},"204":{"start":{"line":473,"column":8},"end":{"line":473,"column":38}},"205":{"start":{"line":475,"column":8},"end":{"line":475,"column":117}},"206":{"start":{"line":476,"column":8},"end":{"line":476,"column":93}},"207":{"start":{"line":478,"column":8},"end":{"line":478,"column":30}},"208":{"start":{"line":480,"column":8},"end":{"line":482,"column":9}},"209":{"start":{"line":481,"column":10},"end":{"line":481,"column":35}},"210":{"start":{"line":484,"column":8},"end":{"line":484,"column":26}},"211":{"start":{"line":485,"column":8},"end":{"line":485,"column":24}},"212":{"start":{"line":486,"column":8},"end":{"line":486,"column":54}},"213":{"start":{"line":487,"column":8},"end":{"line":490,"column":10}},"214":{"start":{"line":493,"column":4},"end":{"line":496,"column":6}},"215":{"start":{"line":500,"column":2},"end":{"line":502,"column":3}},"216":{"start":{"line":501,"column":4},"end":{"line":501,"column":47}},"217":{"start":{"line":504,"column":2},"end":{"line":508,"column":3}},"218":{"start":{"line":505,"column":4},"end":{"line":507,"column":5}},"219":{"start":{"line":506,"column":6},"end":{"line":506,"column":50}},"220":{"start":{"line":510,"column":2},"end":{"line":522,"column":3}},"221":{"start":{"line":511,"column":4},"end":{"line":511,"column":51}},"222":{"start":{"line":512,"column":4},"end":{"line":514,"column":5}},"223":{"start":{"line":513,"column":6},"end":{"line":513,"column":38}},"224":{"start":{"line":516,"column":4},"end":{"line":518,"column":5}},"225":{"start":{"line":517,"column":6},"end":{"line":517,"column":38}},"226":{"start":{"line":520,"column":4},"end":{"line":520,"column":48}},"227":{"start":{"line":521,"column":4},"end":{"line":521,"column":26}},"228":{"start":{"line":524,"column":2},"end":{"line":524,"column":37}},"229":{"start":{"line":526,"column":2},"end":{"line":527,"column":55}},"230":{"start":{"line":529,"column":2},"end":{"line":529,"column":29}},"231":{"start":{"line":531,"column":2},"end":{"line":696,"column":3}},"232":{"start":{"line":532,"column":4},"end":{"line":534,"column":5}},"233":{"start":{"line":533,"column":6},"end":{"line":533,"column":53}},"234":{"start":{"line":535,"column":4},"end":{"line":536,"column":47}},"235":{"start":{"line":538,"column":4},"end":{"line":550,"column":5}},"236":{"start":{"line":539,"column":6},"end":{"line":539,"column":39}},"237":{"start":{"line":540,"column":6},"end":{"line":543,"column":7}},"238":{"start":{"line":541,"column":8},"end":{"line":541,"column":21}},"239":{"start":{"line":542,"column":8},"end":{"line":542,"column":15}},"240":{"start":{"line":544,"column":6},"end":{"line":547,"column":7}},"241":{"start":{"line":545,"column":8},"end":{"line":545,"column":21}},"242":{"start":{"line":546,"column":8},"end":{"line":546,"column":45}},"243":{"start":{"line":549,"column":6},"end":{"line":549,"column":35}},"244":{"start":{"line":552,"column":4},"end":{"line":555,"column":7}},"245":{"start":{"line":553,"column":6},"end":{"line":554,"column":34}},"246":{"start":{"line":557,"column":4},"end":{"line":560,"column":7}},"247":{"start":{"line":558,"column":6},"end":{"line":559,"column":34}},"248":{"start":{"line":562,"column":4},"end":{"line":566,"column":7}},"249":{"start":{"line":563,"column":6},"end":{"line":563,"column":29}},"250":{"start":{"line":564,"column":6},"end":{"line":565,"column":34}},"251":{"start":{"line":568,"column":4},"end":{"line":617,"column":5}},"252":{"start":{"line":585,"column":6},"end":{"line":585,"column":39}},"253":{"start":{"line":586,"column":6},"end":{"line":589,"column":7}},"254":{"start":{"line":587,"column":8},"end":{"line":587,"column":21}},"255":{"start":{"line":588,"column":8},"end":{"line":588,"column":15}},"256":{"start":{"line":590,"column":6},"end":{"line":595,"column":7}},"257":{"start":{"line":591,"
[...]
,"    if (!_iconv) {","      _iconv = require('iconv-lite');","    }","    return _iconv.decode(data, charset);","  }","","  return data.toString(charset);","}","","function getAgent(agent, defaultAgent) {","  return agent === undefined ? defaultAgent : agent;","}","","function parseContentType(str) {","  try {","    return contentTypeParser.parse(str);","  } catch (err) {","    // ignore content-type error, tread as default","    return { parameters: {} };","  }","}",""],"l":{"3":1,"4":1,"5":1,"6":1,"7":1,"8":1,"9":1,"10":1,"11":1,"12":1,"13":1,"14":1,"15":1,"16":1,"17":1,"19":1,"20":1,"22":1,"24":1,"27":1,"28":1,"30":1,"31":1,"39":1,"40":1,"42":1,"43":1,"44":1,"45":1,"52":1,"57":1,"120":1,"122":0,"123":0,"124":0,"126":0,"127":0,"131":0,"132":0,"134":0,"135":0,"140":1,"142":1,"143":0,"144":0,"145":0,"147":0,"157":1,"158":0,"159":0,"160":0,"161":0,"163":0,"173":1,"175":0,"176":0,"177":0,"180":0,"181":0,"182":0,"185":0,"186":0,"187":0,"189":0,"191":0,"193":0,"199":0,"200":0,"203":0,"204":0,"205":0,"206":0,"207":0,"209":0,"210":0,"212":0,"214":0,"216":0,"219":0,"220":0,"221":0,"222":0,"223":0,"225":0,"226":0,"227":0,"229":0,"230":0,"234":0,"248":0,"259":0,"260":0,"261":0,"262":0,"267":0,"268":0,"271":0,"272":0,"273":0,"276":0,"277":0,"278":0,"279":0,"280":0,"282":0,"284":0,"286":0,"287":0,"288":0,"290":0,"292":0,"295":0,"296":0,"299":0,"306":0,"307":0,"308":0,"311":0,"312":0,"313":0,"314":0,"315":0,"317":0,"320":0,"321":0,"324":0,"326":0,"328":0,"329":0,"330":0,"331":0,"332":0,"333":0,"334":0,"335":0,"336":0,"337":0,"338":0,"339":0,"340":0,"355":1,"356":0,"357":0,"358":0,"361":1,"362":0,"363":0,"364":0,"368":1,"369":0,"370":0,"371":0,"374":0,"375":0,"378":0,"380":0,"381":0,"382":0,"383":0,"384":0,"385":0,"389":0,"391":0,"392":0,"393":0,"394":0,"395":0,"396":0,"397":0,"398":0,"400":0,"404":0,"405":0,"406":0,"409":0,"413":0,"428":0,"429":0,"430":0,"432":0,"434":0,"437":0,"438":0,"439":0,"440":0,"441":0,"444":0,"446":0,"448":0,"449":0,"450":0,"451":0,"453":0,"463":1,"464":0,"465":0,"466":0,"467":0,"468":0,"469":0,"470":0,"471":0,"472":0,"473":0,"475":0,"476":0,"478":0,"480":0,"481":0,"484":0,"485":0,"486":0,"487":0,"493":0,"500":0,"501":0,"504":0,"505":0,"506":0,"510":1,"511":0,"512":0,"513":0,"516":0,"517":0,"520":0,"521":0,"524":0,"526":0,"529":0,"531":1,"532":0,"533":0,"535":0,"538":0,"539":0,"540":0,"541":0,"542":0,"544":0,"545":0,"546":0,"549":0,"552":0,"553":0,"557":0,"558":0,"562":0,"563":0,"564":0,"568":0,"585":0,"586":0,"587":0,"588":0,"590":0,"591":0,"593":0,"594":0,"597":0,"598":0,"601":0,"602":0,"606":0,"607":0,"610":0,"611":0,"612":0,"616":0,"632":0,"634":0,"635":0,"636":0,"637":0,"640":0,"641":0,"642":0,"645":0,"647":0,"650":0,"651":0,"652":0,"654":0,"655":0,"658":0,"659":0,"660":0,"663":0,"665":0,"666":0,"668":0,"670":0,"673":0,"674":0,"675":0,"677":0,"678":0,"679":0,"681":0,"687":0,"690":0,"693":0,"698":0,"699":0,"700":0,"701":0,"703":0,"705":0,"707":1,"708":0,"709":0,"710":0,"711":0,"712":0,"714":0,"715":0,"716":0,"717":0,"718":0,"720":0,"721":0,"722":0,"723":0,"724":0,"728":1,"729":0,"730":0,"731":0,"732":0,"733":0,"734":0,"735":0,"736":0,"737":0,"738":0,"742":0,"744":0,"745":0,"747":0,"751":0,"753":0,"756":1,"757":0,"759":0,"760":0,"761":0,"763":0,"766":0,"768":0,"769":0,"773":0,"774":0,"776":0,"782":0,"783":0,"786":0,"787":0,"788":0,"789":0,"790":0,"791":0,"793":0,"794":0,"797":0,"798":0,"800":0,"804":0,"805":0,"807":0,"808":0,"809":0,"810":0,"812":0,"814":0,"817":0,"818":0,"819":0,"820":0,"821":0,"823":0,"826":0,"827":0,"830":0,"831":0,"832":0,"834":0,"835":0,"836":0,"839":0,"840":0,"841":0,"842":0,"843":0,"844":0,"848":0,"849":0,"850":0,"851":0,"852":0,"853":0,"854":0,"857":0,"860":0,"861":0,"864":1,"873":1,"875":1,"876":0,"879":1,"880":0,"883":1,"884":0,"888":0,"891":0,"893":0,"894":0,"896":0,"897":0,"899":0,"901":0,"904":0,"906":0,"908":0,"918":1,"919":0,"920":0,"921":0,"924":0,"925":0,"927":0,"928":0,"929":0,"931":0,"934":0,"937":1,"938":0,"941":1,"942":0,"943":0,"946":0}},"/home/travis/build/npmtest/node-npmtest-urllib/node_modules/urllib/lib/httpclient.js":{"path":"/home/travis/build/npmtest/node-npmtest-urllib/node_modules/urllib/lib/httpclient.js","s":{"1":1,"2":1,"3":1,"4":1,"5":1,"6":0,"7":0,"8":0,"9":0,"10":0,"11":0,"12":0,"13":0,"14":0,"15":0,"16":0,"17":0,"18":1,"19":1,"20":0,"21":0,"22":0,"23":0,"24":0,"25":0,"26":0,"27":0,"28":1,"29":0,"30":0,"31":0,"32":0,"33":0,"34":1,"35":0},"b":{"1":[0,0],"2":[0,0],"3":[0,0],"4":[0,0],"5":[0,0],"6":[0,0],"7":[0,0]},"f":{"1":0,"2":0,"3":0,"4":0},"fnMap":{"1":{"name":"HttpClient","line":10,"loc":{"start":{"line":10,"column":0},"end":{"line":10,"column":29}}},"2":{"name":"(anonymous_2)","line":32,"loc":{"start":{"line":32,"column":59},"end":{"line":32,"column":90}}},"3":{"name":"(anonymous_3)","line":44,"loc":{"start":{"line":44,"column":36},"end":{"line":44,"column":57}}},"4":{"name":"getAgent","line":52,"loc":{"start":{"line":52,"column":0},"end":{"line":52,"column":39}}}},"statementMap":{"1":{"start":{"line":3,"column":0},"end":{"line":3,"column":50}},"2":{"start":{"line":4,"column":0},"end":{"line":4,"column":27}},"3":{"start":{"line":5,"column":0},"end":{"line":5,"column":33}},"4":{"start":{"line":8,"column":0},"end":{"line":8,"column":28}},"5":{"start":{"line":10,"column":0},"end":{"line":29,"column":1}},"6":{"start":{"line":11,"column":2},"end":{"line":11,"column":26}},"7":{"start":{"line":12,"column":2},"end":{"line":12,"column":26}},"8":{"start":{"line":14,"column":2},"end":{"line":20,"column":3}},"9":{"start":{"line":15,"column":4},"end":{"line":15,"column":31}},"10":{"start":{"line":16,"column":4},"end":{"line":16,"column":31}},"11":{"start":{"line":18,"column":4},"end":{"line":18,"column":30}},"12":{"start":{"line":19,"column":4},"end":{"line":19,"column":32}},"13":{"start":{"line":22,"column":2},"end":{"line":28,"column":3}},"14":{"start":{"line":23,"column":4},"end":{"line":23,"column":41}},"15":{"start":{"line":24,"column":4},"end":{"line":24,"column":36}},"16":{"start":{"line":26,"column":4},"end":{"line":26,"column":40}},"17":{"start":{"line":27,"column":4},"end":{"line":27,"column":37}},"18":{"start":{"line":30,"column":0},"end":{"line":30,"column":40}},"19":{"start":{"line":32,"column":0},"end":{"line":42,"column":2}},"20":{"start":{"line":33,"column":2},"end":{"line":36,"column":3}},"21":{"start":{"line":34,"column":4},"end":{"line":34,"column":20}},"22":{"start":{"line":35,"column":4},"end":{"line":35,"column":16}},"23":{"start":{"line":37,"column":2},"end":{"line":37,"column":20}},"24":{"start":{"line":38,"column":2},"end":{"line":38,"column":22}},"25":{"start":{"line":39,"column":2},"end":{"line":39,"column":48}},"26":{"start":{"line":40,"column":2},"end":{"line":40,"column":63}},"27":{"start":{"line":41,"column":2},"end":{"line":41,"column":45}},"28":{"start":{"line":44,"column":0},"end":{"line":50,"column":2}},"29":{"start":{"line":45,"column":2},"end":{"line":45,"column":20}},"30":{"start":{"line":46,"column":2},"end":{"line":46,"column":22}},"31":{"start":{"line":47,"column":2},"end":{"line":47,"column":48}},"32":{"start":{"line":48,"column":2},"end":{"line":48,"column":63}},"33":{"start":{"line":49,"column":2},"end":{"line":49,"column":40}},"34":{"start":{"line":52,"column":0},"end":{"line":54,"column":1}},"35":{"start":{"line":53,"column":2},"end":{"line":53,"column":52}}},"branchMap":{"1":{"line":12,"type":"binary-expr","locations":[{"start":{"line":12,"column":12},"end":{"line":12,"column":19}},{"start":{"line":12,"column":23},"end":{"line":12,"column":25}}]},"2":{"line":14,"type":"if","locations":[{"start":{"line":14,"column":2},"end":{"line":14,"column":2}},{"start":{"line":14,"column":2},"end":{"line":14,"column":2}}]},"3":{"line":22,"type":"if","locations":[{"start":{"line":22,"column":2},"end":{"line":22,"column":2}},{"start":{"line":22,"column":2},"end":{"line":22,"column":2}}]},"4":{"line":33,"type":"if","locations":[{"start":{"line":33,"column":2},"end":{"line":33,"column":2}},{"start":{"line":33,"column":2},"end":{"line":33,"column":2}}]},"5":{"line":37,"type":"binary-expr","locations":[{"start":{"line":37,"column":9},"end":{"line":37,"column":13}},{"start":{"line":37,"column":17},"end":{"line":37,"column":19}}]},"6":{"line":45,"type":"binary-expr","locations":[{"start":{"line":45,"column":9},"end":{"line":45,"column":13}},{"start":{"line":45,"column":17},"end":{"line":45,"column":19}}]},"7":{"line":53,"type":"cond-expr","locations":[{"start":{"line":53,"column":31},"end":{"line":53,"column":43}},{"start":{"line":53,"column":46},"end":{"line":53,"column":51}}]}},"code":["'use strict';","","var EventEmitter = require('events').EventEmitter;","var util = require('util');","var urllib = require('./urllib');","","","module.exports = HttpClient;","","function HttpClient(options) {","  EventEmitter.call(this);","  options = options || {};","","  if (options.agent !== undefined) {","    this.agent = options.agent;","    this.hasCustomAgent = true;","  } else {","    this.agent = urllib.agent;","    this.hasCustomAgent = false;","  }","","  if (options.httpsAgent !== undefined) {","    this.httpsAgent = options.httpsAgent;","    this.hasCustomHttpsAgent = true;","  } else {","    this.httpsAgent = urllib.httpsAgent;","    this.hasCustomHttpsAgent = false;","  }","}","util.inherits(HttpClient, EventEmitter);","","HttpClient.prototype.request = HttpClient.prototype.curl = function (url, args, callback) {","  if (typeof args === 'function') {","    callback = args;","    args = null;","  }","  args = args || {};","  args.emitter = this;","  args.agent = getAgent(args.agent, this.agent);","  args.httpsAgent = getAgent(args.httpsAgent, this.httpsAgent);","  return urllib.request(url, args, callback);","};","","HttpClient.prototype.requestThunk = function (url, args) {","  args = args || {};","  args.emitter = this;","  args.agent = getAgent(args.agent, this.agent);","  args.httpsAgent = getAgent(args.httpsAgent, this.httpsAgent);","  return urllib.requestThunk(url, args);","};","","function getAgent(agent, defaultAgent) {","  return agent === undefined ? defaultAgent : agent;","}",""],"l":{"3":1,"4":1,"5":1,"8":1,"10":1,"11":0,"12":0,"14":0,"15":0,"16":0,"18":0,"19":0,"22":0,"23":0,"24":0,"26":0,"27":0,"30":1,"32":1,"33":0,"34":0,"35":0,"37":0,"38":0,"39":0,"40":0,"41":0,"44":1,"45":0,"46":0,"47":0,"48":0,"49":0,"52":1,"53":0}},"/home/travis/build/npmtest/node-npmtest-urllib/node_modules/urllib/lib/httpclient2.js":{"path":"/home/travis/build/npmtest/node-npmtest-urllib/node_modules/urllib/lib/httpclient2.js","s":{"1":1,"2":1,"3":1,"4":1,"5":1,"6":1,"7":1,"8":0,"9":1,"10":1,"11":0,"12":0,"13":0,"14":0,"15":0,"16":0,"17":0,"18":0,"19":0,"20":0,"21":0,"22":0,"23":0,"24":0,"25":0,"26":0,"27":0,"28":0,"29":0,"30":0,"31":0,"32":0,"33":0,"34":0,"35":0,"36":0,"37":1,"38":0,"39":0,"40":0,"41":0,"42":0,"43":1,"44":0,"45":0,"46":0,"47":0},"b":{"1":[0,0],"2":[0,0],"3":[0,0],"4":[0,0],"5":[0,0],"6":[0,0],"7":[0,0],"8":[0,0,0],"9":[0,0],"10":[0,0]},"f":{"1":0,"2":0,"3":0,"4":0,"5":0,"6":0,"7":0,"8":0,"9":0,"10":0,"11":0,"12":0,"13":0},"fnMap":{"1":{"name":"HttpClient2","line":12,"loc":{"start":{"line":12,"column":0},"end":{"line":12,"column":30}}},"2":{"name":"request","line":18,"loc":{"start":{"line":18,"column":61},"end":{"line":18,"column":89}}},"3":{"name":"(anonymous_3)","line":25,"loc":{"start":{"line":25,"column":33},"end":{"line":25,"column":47}}},"4":{"name":"(anonymous_4)","line":29,"loc":{"start":{"line":29,"column":9},"end":{"line":29,"column":23}}},"5":{"name":"(anonymous_5)","line":35,"loc":{"start":{"line":35,"column":43},"end":{"line":35,"column":54}}},"6":{"name":"(anonymous_6)","line":41,"loc":{"start":{"line":41,"column":8},"end":{"line":41,"column":22}}},"7":{"name":"(anonymous_7)","line":47,"loc":{"start":{"line":47,"column":43},"end":{"line":47,"column":54}}},"8":{"name":"requestThunk","line":55,"loc":{"start":{"line":55,"column":37},"end":{"line":55,"column":70}}},"9":{"name":"(anonymous_9)","line":57,"loc":{"start":{"line":57,"column":9},"end":{"line":57,"column":24}}},"10":{"name":"(anonymous_10)","line":60,"loc":{"start":{"line":60,"column":10},"end":{"line":60,"column":24}}},"11":{"name":"(anonymous_11)","line":63,"loc":{"start":{"line":63,"column":23},"end":{"line":63,"column":34}}},"12":{"name":"sleep","line":70,"loc":{"start":{"line":70,"column":0},"end":{"line":70,"column":19}}},"13":{"name":"(anonymous_13)","line":75,"loc":{"start":{"line":75,"column":22},"end":{"line":75,"column":40}}}},"statementMap":{"1":{"start":{"line":3,"column":0},"end":{"line":3,"column":27}},"2":{"start":{"line":4,"column":0},"end":{"line":4,"column":39}},"3":{"start":{"line":5,"column":0},"end":{"line":5,"column":32}},"4":{"start":{"line":6,"column":0},"end":{"line":6,"column":41}},"5":{"start":{"line":8,"column":0},"end":{"line":8,"column":13}},"6":{"start":{"line":10,"column":0},"end":{"line":10,"column":29}},"7":{"start":{"line":12,"column":0},"end":{"line":14,"column":1}},"8":{"start":{"line":13,"column":2},"end":{"line":13,"column":33}},"9":{"start":{"line":16,"column":0},"end":{"line":16,"column":39}},"10":{"start":{"line":18,"column":0},"end":{"line":53,"column":2}},"11":{"start":{"line":19,"column":2},"end":{"line":19,"column":18}},"12":{"start":{"line":20,"column":2},"end":{"line":20,"column":20}},"13":{"start":{"line":21,"column":2},"end":{"line":21,"column":31}},"14":{"start":{"line":22,"column":2},"end":{"line":24,"column":3}},"15":{"start":{"line":23,"column":4},"end":{"line":23,"column":42}},"16":{"start":{"line":25,"column":2},"end":{"line":27,"column":4}},"17":{"start":{"line":26,"column":4},"end":{"line":26,"column":29}},"18":{"start":{"line":28,"column":2},"end":{"line":52,"column":5}},"19":{"start":{"line":30,"column":4},"end":{"line":38,"column":5}},"20":{"start":{"line":31,"column":6},"end":{"line":31,"column":19}},"21":{"start":{"line":32,"column":6},"end":{"line":32,"column":73}},"22":{"start":{"line":33,"column":6},"end":{"line":36,"column":7}},"23":{"start":{"line":34,"column":8},"end":{"line":34,"column":51}},"24":{"start":{"line":35,"column":8},"end":{"line":35,"column":91}},"25":{"start":{"line":35,"column":56},"end":{"line":35,"column":87}},"26":{"start":{"line":37,"column":6},"end":{"line":37,"column":37}},"27":{"start":{"line":39,"column":4},"end":{"line":39,"column":14}},"28":{"start":{"line":42,"column":4},"end":{"line":50,"column":5}},"29":{"start":{"line":43,"column":6},"end":{"line":43,"column":19}},"30":{"start":{"line":44,"column":6},"end":{"line":44,"column":60}},"31":{"start":{"line":45,"column":6},"end":{"line":48,"column":7}},"32":{"start":{"line":46,"column":8},"end":{"line":46,"column":51}},"33":{"start":{"line":47,"column":8},"end":{"line":47,"column":91}},"34":{"start":{"line":47,"column":56},"end":{"line":47,"column":87}},"35":{"start":{"line":49,"column":6},"end":{"line":49,"column":37}},"36":{"start":{"line":51,"column":4},"end":{"line":51,"column":15}},"37":{"start":{"line":55,"column":0},"end":{"line":68,"column":2}},"38":{"start":{"line":56,"column":2},"end":{"line":56,"column":18}},"39":{"start":{"line":57,"column":2},"end":{"line":67,"column":4}},"40":{"start":{"line":58,"column":4},"end":{"line":66,"column":7}},"41":{"start":{"line":63,"column":6},"end":{"line":65,"column":9}},"42":{"start":{"line":64,"column":8},"end":{"line":64,"column":24}},"43":{"start":{"line":70,"column":0},"end":{"line":78,"column":1}},"44":{"start":{"line":71,"column":2},"end":{"line":73,"column":3}},"45":{"start":{"line":72,"column":4},"end":{"line":72,"column":38}},"46":{"start":{"line":75,"column":2},"end":{"line":77,"column":5}},"47":{"start":{"line":76,"column":4},"end":{"line":76,"column":28}}},"branchMap":{"1":{"line":20,"type":"binary-expr","locations":[{"start":{"line":20,"column":9},"end":{"line":20,"column":13}},{"start":{"line":20,"column":17},"end":{"line":20,"column":19}}]},"2":{"line":21,"type":"binary-expr","locations":[{"start":{"line":21,"column":15},"end":{"line":21,"column":25}},{"start":{"line":21,"column":29},"end":{"line":21,"column":30}}]},"3":{"line":22,"type":"if","locations":[{"start":{"line":22,"column":2},"end":{"line":22,"column":2}},{"start":{"line":22,"column":2},"end":{"line":22,"column":2}}]},"4":{"line":25,"type":"binary-expr","locations":[{"start":{"line":25,"column":17},"end":{"line":25,"column":29}},{"start":{"line":25,"column":33},"end":{"line":27,"column":3}}]},"5":{"line":30,"type":"if","locations":[{"start":{"line":30,"column":4},"end":{"line":30,"column":4}},{"start":{"line":30,"column":4},"end":{"line":30,"column":4}}]},"6":{"line":33,"type":"if","locations":[{"start":{"line":33,"column":6},"end":{"line":33,"column":6}},{"start":{"line":33,"column":6},"end":{"line":33,"column":6}}]},"7":{"line":42,"type":"if","locations":[{"start":{"line":42,"column":4},"end":{"line":42,"column":4}},{"start":{"line":42,"column":4},"end":{"line":42,"column":4}}]},"8":{"line":42,"type":"binary-expr","locations":[{"start":{"line":42,"column":8},"end":{"line":42,"column":22}},{"start":{"line":42,"column":26},"end":{"line":42,"column":60}},{"start":{"line":42,"column":64},"end":{"line":42,"column":81}}]},"9":{"line":45,"type":"if","locations":[{"start":{"line":45,"column":6},"end":{"line":45,"column":6}},{"start":{"line":45,"column":6},"end":{"line":45,"column":6}}]},"10":{"line":71,"type":"if","locations":[{"start":{"line":71,"column":2},"end":{"line":71,"column":2}},{"start":{"line":71,"column":2},"end":{"line":71,"column":2}}]}},"code":["'use strict';","","var util = require('util');","var debug = require('debug')('urllib');","var ms = require('humanize-ms');","var HttpClient = require('./httpclient');","","var _Promise;","","module.exports = HttpClient2;","","function HttpClient2(options) {","  HttpClient.call(this, options);","}","","util.inherits(HttpClient2, HttpClient);","","HttpClient2.prototype.request = HttpClient2.prototype.curl = function request(url, args) {","  var self = this;","  args = args || {};","  args.retry = args.retry || 0;","  if (args.retryDelay) {","    args.retryDelay = ms(args.retryDelay);","  }","  args.isRetry = args.isRetry || function(res) {","    return res.status >= 500;","  };","  return HttpClient.prototype.request.call(self, url, args)","  .catch(function(err) {","    if (args.retry > 0) {","      args.retry--;","      debug('retry request %s, remain %s, err %s', url, args.retry, err);","      if (args.retryDelay) {","        debug('retry after %sms', args.retryDelay);","        return sleep(args.retryDelay).then(function() { return self.request(url, args); });","      }","      return self.request(url, args);","    }","    throw err;","  })","  .then(function(res) {","    if (args.retry > 0 && typeof args.isRetry === 'function' && args.isRetry(res)) {","      args.retry--;","      debug('retry request %s, remain %s', url, args.retry);","      if (args.retryDelay) {","        debug('retry after %sms', args.retryDelay);","        return sleep(args.retryDelay).then(function() { return self.request(url, args); });","      }","      return self.request(url, args);","    }","    return res;","  });","};","","HttpClient2.prototype.requestThunk = function requestThunk(url, args) {","  var self = this;","  return function(done) {","    self.request(url, args)","    .catch(done)","    .then(function(res) {","      // if callback throw an error, promise will emit UnhandledPromiseRejection,","      // so use nextTick to prevent promise handling this error.","      process.nextTick(function() {","        done(null, res);","      });","    });","  };","};","","function sleep(ms) {","  if (!_Promise) {","    _Promise = require('any-promise');","  }","","  return new _Promise(function(resolve) {","    setTimeout(resolve, ms);","  });","}",""],"l":{"3":1,"4":1,"5":1,"6":1,"8":1,"10":1,"12":1,"13":0,"16":1,"18":1,"19":0,"20":0,"21":0,"22":0,"23":0,"25":0,"26":0,"28":0,"30":0,"31":0,"32":0,"33":0,"34":0,"35":0,"37":0,"39":0,"42":0,"43":0,"44":0,"45":0,"46":0,"47":0,"49":0,"51":0,"55":1,"56":0,"57":0,"58":0,"63":0,"64":0,"70":1,"71":0,"72":0,"75":0,"76":0}}}